<?xml version="1.0" encoding="UTF-8"?>
<coverage generated="1739128713845" clover="3.2.0">
  <project timestamp="1739128713846" name="All files">
    <metrics statements="142" coveredstatements="142" conditionals="181" coveredconditionals="181" methods="80" coveredmethods="80" elements="403" coveredelements="403" complexity="0" loc="142" ncloc="142" packages="2" files="4" classes="4"/>
    <package name="dist">
      <metrics statements="2" coveredstatements="2" conditionals="90" coveredconditionals="90" methods="40" coveredmethods="40"/>
      <file name="pow.min.js" path="F:\dev\pow.js\dist\pow.min.js">
        <metrics statements="1" coveredstatements="1" conditionals="74" coveredconditionals="74" methods="32" coveredmethods="32"/>
        <line num="7" count="1532" type="cond" truecount="74" falsecount="0"/>
      </file>
      <file name="pow.safe.min.js" path="F:\dev\pow.js\dist\pow.safe.min.js">
        <metrics statements="1" coveredstatements="1" conditionals="16" coveredconditionals="16" methods="8" coveredmethods="8"/>
        <line num="7" count="21" type="cond" truecount="16" falsecount="0"/>
      </file>
    </package>
    <package name="src">
      <metrics statements="140" coveredstatements="140" conditionals="91" coveredconditionals="91" methods="40" coveredmethods="40"/>
      <file name="pow.js" path="F:\dev\pow.js\src\pow.js">
        <metrics statements="116" coveredstatements="116" conditionals="75" coveredconditionals="75" methods="32" coveredmethods="32"/>
        <line num="8" count="10" type="stmt"/>
        <line num="9" count="10" type="stmt"/>
        <line num="10" count="10" type="stmt"/>
        <line num="11" count="10" type="stmt"/>
        <line num="12" count="10" type="stmt"/>
        <line num="13" count="10" type="stmt"/>
        <line num="15" count="745" type="stmt"/>
        <line num="16" count="63" type="stmt"/>
        <line num="17" count="421" type="cond" truecount="2" falsecount="0"/>
        <line num="18" count="177" type="stmt"/>
        <line num="19" count="60" type="stmt"/>
        <line num="20" count="1499" type="cond" truecount="2" falsecount="0"/>
        <line num="22" count="10" type="stmt"/>
        <line num="23" count="161" type="stmt"/>
        <line num="24" count="161" type="stmt"/>
        <line num="26" count="161" type="stmt"/>
        <line num="28" count="471" type="stmt"/>
        <line num="29" count="113" type="stmt"/>
        <line num="30" count="113" type="cond" truecount="2" falsecount="0"/>
        <line num="40" count="471" type="cond" truecount="2" falsecount="0"/>
        <line num="42" count="471" type="cond" truecount="1" falsecount="0"/>
        <line num="43" count="258" type="stmt"/>
        <line num="45" count="258" type="stmt"/>
        <line num="48" count="255" type="cond" truecount="4" falsecount="0"/>
        <line num="49" count="7" type="stmt"/>
        <line num="50" count="7" type="stmt"/>
        <line num="52" count="248" type="stmt"/>
        <line num="54" count="3" type="stmt"/>
        <line num="57" count="471" type="stmt"/>
        <line num="62" count="471" type="cond" truecount="1" falsecount="0"/>
        <line num="63" count="113" type="cond" truecount="4" falsecount="0"/>
        <line num="64" count="26" type="stmt"/>
        <line num="65" count="113" type="cond" truecount="2" falsecount="0"/>
        <line num="69" count="471" type="stmt"/>
        <line num="70" count="7" type="stmt"/>
        <line num="73" count="471" type="stmt"/>
        <line num="74" count="4" type="stmt"/>
        <line num="76" count="471" type="stmt"/>
        <line num="79" count="471" type="stmt"/>
        <line num="80" count="471" type="stmt"/>
        <line num="81" count="248" type="stmt"/>
        <line num="84" count="248" type="cond" truecount="4" falsecount="0"/>
        <line num="86" count="20" type="stmt"/>
        <line num="87" count="20" type="stmt"/>
        <line num="88" count="6" type="stmt"/>
        <line num="89" count="6" type="stmt"/>
        <line num="91" count="20" type="stmt"/>
        <line num="95" count="20" type="stmt"/>
        <line num="98" count="9" type="cond" truecount="4" falsecount="0"/>
        <line num="100" count="20" type="stmt"/>
        <line num="104" count="228" type="cond" truecount="2" falsecount="0"/>
        <line num="106" count="228" type="cond" truecount="2" falsecount="0"/>
        <line num="107" count="18" type="cond" truecount="2" falsecount="0"/>
        <line num="108" count="5" type="stmt"/>
        <line num="109" count="18" type="stmt"/>
        <line num="110" count="44" type="stmt"/>
        <line num="111" count="44" type="stmt"/>
        <line num="112" count="44" type="stmt"/>
        <line num="117" count="18" type="stmt"/>
        <line num="118" count="210" type="cond" truecount="2" falsecount="0"/>
        <line num="119" count="29" type="cond" truecount="2" falsecount="0"/>
        <line num="125" count="181" type="cond" truecount="2" falsecount="0"/>
        <line num="126" count="43" type="cond" truecount="2" falsecount="0"/>
        <line num="127" count="21" type="stmt"/>
        <line num="128" count="138" type="cond" truecount="2" falsecount="0"/>
        <line num="129" count="24" type="cond" truecount="2" falsecount="0"/>
        <line num="130" count="8" type="stmt"/>
        <line num="131" count="23" type="stmt"/>
        <line num="132" count="114" type="cond" truecount="2" falsecount="0"/>
        <line num="133" count="1" type="stmt"/>
        <line num="134" count="113" type="cond" truecount="2" falsecount="0"/>
        <line num="135" count="20" type="stmt"/>
        <line num="136" count="93" type="cond" truecount="2" falsecount="0"/>
        <line num="137" count="4" type="stmt"/>
        <line num="138" count="89" type="cond" truecount="4" falsecount="0"/>
        <line num="139" count="10" type="cond" truecount="2" falsecount="0"/>
        <line num="140" count="10" type="stmt"/>
        <line num="141" count="9" type="cond" truecount="2" falsecount="0"/>
        <line num="142" count="9" type="stmt"/>
        <line num="143" count="9" type="stmt"/>
        <line num="144" count="9" type="stmt"/>
        <line num="145" count="9" type="stmt"/>
        <line num="148" count="10" type="stmt"/>
        <line num="149" count="10" type="stmt"/>
        <line num="150" count="79" type="cond" truecount="2" falsecount="0"/>
        <line num="151" count="74" type="stmt"/>
        <line num="156" count="339" type="stmt"/>
        <line num="157" count="190" type="stmt"/>
        <line num="160" count="338" type="cond" truecount="2" falsecount="0"/>
        <line num="161" count="1" type="stmt"/>
        <line num="164" count="338" type="stmt"/>
        <line num="165" count="338" type="cond" truecount="2" falsecount="0"/>
        <line num="166" count="49" type="stmt"/>
        <line num="169" count="161" type="stmt"/>
        <line num="170" count="173" type="cond" truecount="2" falsecount="0"/>
        <line num="171" count="1" type="stmt"/>
        <line num="172" count="172" type="stmt"/>
        <line num="173" count="172" type="stmt"/>
        <line num="174" count="172" type="stmt"/>
        <line num="176" count="172" type="stmt"/>
        <line num="177" count="172" type="stmt"/>
        <line num="180" count="171" type="stmt"/>
        <line num="181" count="171" type="stmt"/>
        <line num="184" count="161" type="stmt"/>
        <line num="185" count="164" type="stmt"/>
        <line num="187" count="163" type="stmt"/>
        <line num="188" count="163" type="stmt"/>
        <line num="189" count="29" type="stmt"/>
        <line num="190" count="163" type="stmt"/>
        <line num="192" count="163" type="stmt"/>
        <line num="194" count="162" type="stmt"/>
        <line num="198" count="161" type="stmt"/>
        <line num="201" count="10" type="stmt"/>
        <line num="202" count="147" type="stmt"/>
        <line num="204" count="1532" type="cond" truecount="1" falsecount="0"/>
        <line num="205" count="1461" type="stmt"/>
      </file>
      <file name="pow.safe.js" path="F:\dev\pow.js\src\pow.safe.js">
        <metrics statements="24" coveredstatements="24" conditionals="16" coveredconditionals="16" methods="8" coveredmethods="8"/>
        <line num="16" count="21" type="stmt"/>
        <line num="17" count="21" type="cond" truecount="2" falsecount="0"/>
        <line num="18" count="18" type="cond" truecount="2" falsecount="0"/>
        <line num="19" count="3" type="stmt"/>
        <line num="20" count="3" type="cond" truecount="2" falsecount="0"/>
        <line num="22" count="15" type="cond" truecount="2" falsecount="0"/>
        <line num="27" count="3" type="stmt"/>
        <line num="28" count="3" type="stmt"/>
        <line num="30" count="1" type="stmt"/>
        <line num="36" count="11" type="stmt"/>
        <line num="37" count="3" type="stmt"/>
        <line num="38" count="11" type="stmt"/>
        <line num="39" count="2" type="stmt"/>
        <line num="40" count="2" type="cond" truecount="2" falsecount="0"/>
        <line num="41" count="1" type="stmt"/>
        <line num="42" count="1" type="stmt"/>
        <line num="47" count="11" type="stmt"/>
        <line num="48" count="11" type="stmt"/>
        <line num="49" count="11" type="stmt"/>
        <line num="50" count="11" type="stmt"/>
        <line num="51" count="11" type="stmt"/>
        <line num="52" count="11" type="stmt"/>
        <line num="54" count="11" type="stmt"/>
        <line num="59" count="11" type="stmt"/>
      </file>
    </package>
  </project>
</coverage>
