{"F:\\Dev\\pow.js\\src\\pow.js": {"path":"F:\\Dev\\pow.js\\src\\pow.js","statementMap":{"0":{"start":{"line":10,"column":4},"end":{"line":16,"column":5}},"1":{"start":{"line":11,"column":22},"end":{"line":11,"column":48}},"2":{"start":{"line":12,"column":8},"end":{"line":15,"column":9}},"3":{"start":{"line":13,"column":12},"end":{"line":13,"column":41}},"4":{"start":{"line":14,"column":12},"end":{"line":14,"column":34}},"5":{"start":{"line":17,"column":4},"end":{"line":17,"column":12}},"6":{"start":{"line":21,"column":15},"end":{"line":21,"column":37}},"7":{"start":{"line":23,"column":4},"end":{"line":27,"column":5}},"8":{"start":{"line":24,"column":22},"end":{"line":24,"column":57}},"9":{"start":{"line":25,"column":8},"end":{"line":25,"column":58}},"10":{"start":{"line":26,"column":8},"end":{"line":26,"column":93}},"11":{"start":{"line":28,"column":4},"end":{"line":28,"column":15}},"12":{"start":{"line":33,"column":4},"end":{"line":49,"column":5}},"13":{"start":{"line":35,"column":21},"end":{"line":35,"column":85}},"14":{"start":{"line":38,"column":22},"end":{"line":38,"column":41}},"15":{"start":{"line":41,"column":8},"end":{"line":45,"column":9}},"16":{"start":{"line":42,"column":25},"end":{"line":42,"column":66}},"17":{"start":{"line":43,"column":12},"end":{"line":43,"column":79}},"18":{"start":{"line":43,"column":41},"end":{"line":43,"column":79}},"19":{"start":{"line":44,"column":12},"end":{"line":44,"column":40}},"20":{"start":{"line":46,"column":8},"end":{"line":46,"column":20}},"21":{"start":{"line":48,"column":8},"end":{"line":48,"column":79}},"22":{"start":{"line":54,"column":4},"end":{"line":63,"column":5}},"23":{"start":{"line":55,"column":32},"end":{"line":55,"column":90}},"24":{"start":{"line":56,"column":8},"end":{"line":59,"column":9}},"25":{"start":{"line":57,"column":12},"end":{"line":57,"column":28}},"26":{"start":{"line":58,"column":12},"end":{"line":58,"column":20}},"27":{"start":{"line":60,"column":8},"end":{"line":62,"column":9}},"28":{"start":{"line":61,"column":12},"end":{"line":61,"column":54}},"29":{"start":{"line":66,"column":26},"end":{"line":66,"column":108}},"30":{"start":{"line":66,"column":39},"end":{"line":66,"column":108}},"31":{"start":{"line":67,"column":25},"end":{"line":70,"column":1}},"32":{"start":{"line":68,"column":4},"end":{"line":68,"column":71}},"33":{"start":{"line":69,"column":4},"end":{"line":69,"column":50}},"34":{"start":{"line":73,"column":28},"end":{"line":73,"column":51}},"35":{"start":{"line":75,"column":4},"end":{"line":79,"column":5}},"36":{"start":{"line":76,"column":22},"end":{"line":76,"column":40}},"37":{"start":{"line":77,"column":8},"end":{"line":77,"column":55}},"38":{"start":{"line":78,"column":8},"end":{"line":78,"column":43}},"39":{"start":{"line":81,"column":4},"end":{"line":81,"column":59}},"40":{"start":{"line":82,"column":4},"end":{"line":106,"column":5}},"41":{"start":{"line":83,"column":8},"end":{"line":83,"column":66}},"42":{"start":{"line":84,"column":11},"end":{"line":106,"column":5}},"43":{"start":{"line":85,"column":8},"end":{"line":90,"column":9}},"44":{"start":{"line":91,"column":11},"end":{"line":106,"column":5}},"45":{"start":{"line":92,"column":8},"end":{"line":93,"column":75}},"46":{"start":{"line":93,"column":53},"end":{"line":93,"column":73}},"47":{"start":{"line":94,"column":8},"end":{"line":104,"column":9}},"48":{"start":{"line":94,"column":25},"end":{"line":94,"column":26}},"49":{"start":{"line":95,"column":26},"end":{"line":95,"column":46}},"50":{"start":{"line":96,"column":12},"end":{"line":96,"column":59}},"51":{"start":{"line":97,"column":12},"end":{"line":103,"column":14}},"52":{"start":{"line":105,"column":8},"end":{"line":105,"column":57}},"53":{"start":{"line":108,"column":4},"end":{"line":108,"column":34}},"54":{"start":{"line":111,"column":4},"end":{"line":113,"column":5}},"55":{"start":{"line":112,"column":8},"end":{"line":112,"column":36}},"56":{"start":{"line":116,"column":4},"end":{"line":118,"column":5}},"57":{"start":{"line":117,"column":8},"end":{"line":117,"column":59}},"58":{"start":{"line":121,"column":4},"end":{"line":121,"column":47}},"59":{"start":{"line":122,"column":4},"end":{"line":127,"column":5}},"60":{"start":{"line":123,"column":8},"end":{"line":123,"column":53}},"61":{"start":{"line":124,"column":8},"end":{"line":124,"column":24}},"62":{"start":{"line":126,"column":8},"end":{"line":126,"column":33}},"63":{"start":{"line":131,"column":25},"end":{"line":131,"column":42}},"64":{"start":{"line":132,"column":23},"end":{"line":132,"column":46}},"65":{"start":{"line":133,"column":20},"end":{"line":154,"column":5}},"66":{"start":{"line":135,"column":12},"end":{"line":137,"column":13}},"67":{"start":{"line":136,"column":16},"end":{"line":136,"column":66}},"68":{"start":{"line":138,"column":12},"end":{"line":138,"column":28}},"69":{"start":{"line":141,"column":12},"end":{"line":141,"column":29}},"70":{"start":{"line":142,"column":12},"end":{"line":142,"column":45}},"71":{"start":{"line":143,"column":12},"end":{"line":143,"column":79}},"72":{"start":{"line":143,"column":41},"end":{"line":143,"column":78}},"73":{"start":{"line":146,"column":12},"end":{"line":146,"column":72}},"74":{"start":{"line":149,"column":12},"end":{"line":149,"column":31}},"75":{"start":{"line":150,"column":12},"end":{"line":150,"column":55}},"76":{"start":{"line":150,"column":36},"end":{"line":150,"column":55}},"77":{"start":{"line":151,"column":12},"end":{"line":151,"column":26}},"78":{"start":{"line":155,"column":4},"end":{"line":155,"column":18}},"79":{"start":{"line":157,"column":12},"end":{"line":166,"column":1}},"80":{"start":{"line":159,"column":8},"end":{"line":159,"column":40}},"81":{"start":{"line":163,"column":8},"end":{"line":163,"column":66}},"82":{"start":{"line":163,"column":54},"end":{"line":163,"column":65}},"83":{"start":{"line":164,"column":8},"end":{"line":164,"column":93}},"84":{"start":{"line":164,"column":46},"end":{"line":164,"column":50}},"85":{"start":{"line":164,"column":87},"end":{"line":164,"column":91}}},"fnMap":{"0":{"name":"consumeBinding","decl":{"start":{"line":9,"column":9},"end":{"line":9,"column":23}},"loc":{"start":{"line":9,"column":90},"end":{"line":18,"column":1}},"line":9},"1":{"name":"parseText","decl":{"start":{"line":22,"column":9},"end":{"line":22,"column":18}},"loc":{"start":{"line":22,"column":39},"end":{"line":29,"column":1}},"line":22},"2":{"name":"resolveToken","decl":{"start":{"line":32,"column":9},"end":{"line":32,"column":21}},"loc":{"start":{"line":32,"column":48},"end":{"line":50,"column":1}},"line":32},"3":{"name":"(anonymous_3)","decl":{"start":{"line":43,"column":33},"end":{"line":43,"column":34}},"loc":{"start":{"line":43,"column":41},"end":{"line":43,"column":79}},"line":43},"4":{"name":"updateSiblingCondition","decl":{"start":{"line":53,"column":9},"end":{"line":53,"column":31}},"loc":{"start":{"line":53,"column":48},"end":{"line":64,"column":1}},"line":53},"5":{"name":"(anonymous_5)","decl":{"start":{"line":66,"column":26},"end":{"line":66,"column":27}},"loc":{"start":{"line":66,"column":39},"end":{"line":66,"column":108}},"line":66},"6":{"name":"(anonymous_6)","decl":{"start":{"line":67,"column":25},"end":{"line":67,"column":26}},"loc":{"start":{"line":67,"column":54},"end":{"line":70,"column":1}},"line":67},"7":{"name":"processElement","decl":{"start":{"line":72,"column":9},"end":{"line":72,"column":23}},"loc":{"start":{"line":72,"column":47},"end":{"line":128,"column":1}},"line":72},"8":{"name":"(anonymous_8)","decl":{"start":{"line":93,"column":40},"end":{"line":93,"column":41}},"loc":{"start":{"line":93,"column":53},"end":{"line":93,"column":73}},"line":93},"9":{"name":"bind","decl":{"start":{"line":130,"column":9},"end":{"line":130,"column":13}},"loc":{"start":{"line":130,"column":23},"end":{"line":156,"column":1}},"line":130},"10":{"name":"(anonymous_10)","decl":{"start":{"line":134,"column":15},"end":{"line":134,"column":16}},"loc":{"start":{"line":134,"column":25},"end":{"line":152,"column":9}},"line":134},"11":{"name":"(anonymous_11)","decl":{"start":{"line":143,"column":36},"end":{"line":143,"column":37}},"loc":{"start":{"line":143,"column":41},"end":{"line":143,"column":78}},"line":143},"12":{"name":"(anonymous_12)","decl":{"start":{"line":150,"column":30},"end":{"line":150,"column":31}},"loc":{"start":{"line":150,"column":36},"end":{"line":150,"column":55}},"line":150},"13":{"name":"(anonymous_13)","decl":{"start":{"line":153,"column":17},"end":{"line":153,"column":18}},"loc":{"start":{"line":153,"column":23},"end":{"line":153,"column":26}},"line":153},"14":{"name":"(anonymous_14)","decl":{"start":{"line":158,"column":4},"end":{"line":158,"column":5}},"loc":{"start":{"line":158,"column":25},"end":{"line":160,"column":5}},"line":158},"15":{"name":"(anonymous_15)","decl":{"start":{"line":162,"column":11},"end":{"line":162,"column":12}},"loc":{"start":{"line":162,"column":25},"end":{"line":165,"column":5}},"line":162},"16":{"name":"(anonymous_16)","decl":{"start":{"line":163,"column":49},"end":{"line":163,"column":50}},"loc":{"start":{"line":163,"column":54},"end":{"line":163,"column":65}},"line":163},"17":{"name":"(anonymous_17)","decl":{"start":{"line":164,"column":41},"end":{"line":164,"column":42}},"loc":{"start":{"line":164,"column":46},"end":{"line":164,"column":50}},"line":164},"18":{"name":"(anonymous_18)","decl":{"start":{"line":164,"column":82},"end":{"line":164,"column":83}},"loc":{"start":{"line":164,"column":87},"end":{"line":164,"column":91}},"line":164}},"branchMap":{"0":{"loc":{"start":{"line":9,"column":33},"end":{"line":9,"column":88}},"type":"default-arg","locations":[{"start":{"line":9,"column":44},"end":{"line":9,"column":88}}],"line":9},"1":{"loc":{"start":{"line":12,"column":8},"end":{"line":15,"column":9}},"type":"if","locations":[{"start":{"line":12,"column":8},"end":{"line":15,"column":9}},{"start":{},"end":{}}],"line":12},"2":{"loc":{"start":{"line":24,"column":22},"end":{"line":24,"column":57}},"type":"binary-expr","locations":[{"start":{"line":24,"column":22},"end":{"line":24,"column":51}},{"start":{"line":24,"column":55},"end":{"line":24,"column":57}}],"line":24},"3":{"loc":{"start":{"line":32,"column":36},"end":{"line":32,"column":46}},"type":"default-arg","locations":[{"start":{"line":32,"column":41},"end":{"line":32,"column":46}}],"line":32},"4":{"loc":{"start":{"line":35,"column":21},"end":{"line":35,"column":85}},"type":"cond-expr","locations":[{"start":{"line":35,"column":66},"end":{"line":35,"column":71}},{"start":{"line":35,"column":74},"end":{"line":35,"column":85}}],"line":35},"5":{"loc":{"start":{"line":35,"column":22},"end":{"line":35,"column":62}},"type":"binary-expr","locations":[{"start":{"line":35,"column":22},"end":{"line":35,"column":37}},{"start":{"line":35,"column":42},"end":{"line":35,"column":61}}],"line":35},"6":{"loc":{"start":{"line":41,"column":8},"end":{"line":45,"column":9}},"type":"if","locations":[{"start":{"line":41,"column":8},"end":{"line":45,"column":9}},{"start":{},"end":{}}],"line":41},"7":{"loc":{"start":{"line":54,"column":4},"end":{"line":63,"column":5}},"type":"if","locations":[{"start":{"line":54,"column":4},"end":{"line":63,"column":5}},{"start":{},"end":{}}],"line":54},"8":{"loc":{"start":{"line":56,"column":8},"end":{"line":59,"column":9}},"type":"if","locations":[{"start":{"line":56,"column":8},"end":{"line":59,"column":9}},{"start":{},"end":{}}],"line":56},"9":{"loc":{"start":{"line":56,"column":12},"end":{"line":56,"column":25}},"type":"binary-expr","locations":[{"start":{"line":56,"column":12},"end":{"line":56,"column":16}},{"start":{"line":56,"column":20},"end":{"line":56,"column":25}}],"line":56},"10":{"loc":{"start":{"line":60,"column":8},"end":{"line":62,"column":9}},"type":"if","locations":[{"start":{"line":60,"column":8},"end":{"line":62,"column":9}},{"start":{},"end":{}}],"line":60},"11":{"loc":{"start":{"line":60,"column":12},"end":{"line":60,"column":34}},"type":"binary-expr","locations":[{"start":{"line":60,"column":12},"end":{"line":60,"column":16}},{"start":{"line":60,"column":20},"end":{"line":60,"column":34}}],"line":60},"12":{"loc":{"start":{"line":66,"column":40},"end":{"line":66,"column":66}},"type":"binary-expr","locations":[{"start":{"line":66,"column":40},"end":{"line":66,"column":55}},{"start":{"line":66,"column":59},"end":{"line":66,"column":66}}],"line":66},"13":{"loc":{"start":{"line":69,"column":11},"end":{"line":69,"column":50}},"type":"binary-expr","locations":[{"start":{"line":69,"column":12},"end":{"line":69,"column":18}},{"start":{"line":69,"column":22},"end":{"line":69,"column":29}},{"start":{"line":69,"column":34},"end":{"line":69,"column":50}}],"line":69},"14":{"loc":{"start":{"line":75,"column":4},"end":{"line":79,"column":5}},"type":"if","locations":[{"start":{"line":75,"column":4},"end":{"line":79,"column":5}},{"start":{},"end":{}}],"line":75},"15":{"loc":{"start":{"line":75,"column":8},"end":{"line":75,"column":70}},"type":"binary-expr","locations":[{"start":{"line":75,"column":8},"end":{"line":75,"column":26}},{"start":{"line":75,"column":31},"end":{"line":75,"column":69}}],"line":75},"16":{"loc":{"start":{"line":81,"column":12},"end":{"line":81,"column":59}},"type":"cond-expr","locations":[{"start":{"line":81,"column":20},"end":{"line":81,"column":46}},{"start":{"line":81,"column":49},"end":{"line":81,"column":59}}],"line":81},"17":{"loc":{"start":{"line":82,"column":4},"end":{"line":106,"column":5}},"type":"if","locations":[{"start":{"line":82,"column":4},"end":{"line":106,"column":5}},{"start":{"line":84,"column":11},"end":{"line":106,"column":5}}],"line":82},"18":{"loc":{"start":{"line":82,"column":8},"end":{"line":82,"column":39}},"type":"binary-expr","locations":[{"start":{"line":82,"column":8},"end":{"line":82,"column":20}},{"start":{"line":82,"column":24},"end":{"line":82,"column":39}}],"line":82},"19":{"loc":{"start":{"line":84,"column":11},"end":{"line":106,"column":5}},"type":"if","locations":[{"start":{"line":84,"column":11},"end":{"line":106,"column":5}},{"start":{"line":91,"column":11},"end":{"line":106,"column":5}}],"line":84},"20":{"loc":{"start":{"line":84,"column":15},"end":{"line":84,"column":38}},"type":"binary-expr","locations":[{"start":{"line":84,"column":15},"end":{"line":84,"column":29}},{"start":{"line":84,"column":33},"end":{"line":84,"column":38}}],"line":84},"21":{"loc":{"start":{"line":91,"column":11},"end":{"line":106,"column":5}},"type":"if","locations":[{"start":{"line":91,"column":11},"end":{"line":106,"column":5}},{"start":{},"end":{}}],"line":91},"22":{"loc":{"start":{"line":91,"column":15},"end":{"line":91,"column":58}},"type":"binary-expr","locations":[{"start":{"line":91,"column":15},"end":{"line":91,"column":30}},{"start":{"line":91,"column":34},"end":{"line":91,"column":58}}],"line":91},"23":{"loc":{"start":{"line":92,"column":16},"end":{"line":93,"column":75}},"type":"cond-expr","locations":[{"start":{"line":92,"column":39},"end":{"line":92,"column":44}},{"start":{"line":93,"column":14},"end":{"line":93,"column":75}}],"line":92},"24":{"loc":{"start":{"line":99,"column":38},"end":{"line":99,"column":62}},"type":"cond-expr","locations":[{"start":{"line":99,"column":46},"end":{"line":99,"column":57}},{"start":{"line":99,"column":60},"end":{"line":99,"column":62}}],"line":99},"25":{"loc":{"start":{"line":122,"column":4},"end":{"line":127,"column":5}},"type":"if","locations":[{"start":{"line":122,"column":4},"end":{"line":127,"column":5}},{"start":{"line":125,"column":11},"end":{"line":127,"column":5}}],"line":122},"26":{"loc":{"start":{"line":135,"column":12},"end":{"line":137,"column":13}},"type":"if","locations":[{"start":{"line":135,"column":12},"end":{"line":137,"column":13}},{"start":{},"end":{}}],"line":135},"27":{"loc":{"start":{"line":163,"column":30},"end":{"line":163,"column":40}},"type":"binary-expr","locations":[{"start":{"line":163,"column":30},"end":{"line":163,"column":34}},{"start":{"line":163,"column":38},"end":{"line":163,"column":40}}],"line":163}},"s":{"0":250,"1":1011,"2":1011,"3":101,"4":101,"5":149,"6":7,"7":185,"8":90,"9":90,"10":90,"11":185,"12":151,"13":151,"14":151,"15":150,"16":5,"17":5,"18":2,"19":5,"20":145,"21":1,"22":61,"23":31,"24":31,"25":14,"26":14,"27":17,"28":3,"29":7,"30":261,"31":7,"32":47,"33":47,"34":219,"35":219,"36":6,"37":6,"38":6,"39":213,"40":213,"41":33,"42":180,"43":18,"44":162,"45":14,"46":3,"47":14,"48":14,"49":41,"50":41,"51":41,"52":14,"53":166,"54":166,"55":95,"56":166,"57":19,"58":166,"59":166,"60":28,"61":28,"62":138,"63":77,"64":77,"65":77,"66":78,"67":1,"68":77,"69":77,"70":77,"71":77,"72":11,"73":77,"74":77,"75":77,"76":2,"77":77,"78":77,"79":7,"80":61,"81":136,"82":365,"83":136,"84":365,"85":365},"f":{"0":250,"1":185,"2":151,"3":2,"4":61,"5":261,"6":47,"7":219,"8":3,"9":77,"10":78,"11":11,"12":2,"13":2,"14":61,"15":136,"16":365,"17":365,"18":365},"b":{"0":[219],"1":[101,910],"2":[90,7],"3":[151],"4":[41,110],"5":[151,41],"6":[5,145],"7":[31,30],"8":[14,17],"9":[31,30],"10":[3,14],"11":[17,16],"12":[261,229],"13":[47,33,31],"14":[6,213],"15":[219,6],"16":[61,152],"17":[33,180],"18":[213,192],"19":[18,162],"20":[180,18],"21":[14,148],"22":[162,14],"23":[13,1],"24":[34,7],"25":[28,138],"26":[1,77],"27":[136,9]},"inputSourceMap":null,"_coverageSchema":"1a1c01bbd47fc00a2c39e90264f33305004495a9","hash":"c6b1c5861228468e9e5cad38ecc966fb4e2c07df"}
,"F:\\Dev\\pow.js\\src\\pow.safe.js": {"path":"F:\\Dev\\pow.js\\src\\pow.safe.js","statementMap":{"0":{"start":{"line":15,"column":0},"end":{"line":29,"column":1}},"1":{"start":{"line":16,"column":19},"end":{"line":16,"column":40}},"2":{"start":{"line":17,"column":4},"end":{"line":25,"column":5}},"3":{"start":{"line":18,"column":8},"end":{"line":21,"column":9}},"4":{"start":{"line":19,"column":23},"end":{"line":19,"column":64}},"5":{"start":{"line":20,"column":12},"end":{"line":20,"column":65}},"6":{"start":{"line":22,"column":8},"end":{"line":24,"column":54}},"7":{"start":{"line":27,"column":18},"end":{"line":27,"column":63}},"8":{"start":{"line":28,"column":4},"end":{"line":28,"column":58}},"9":{"start":{"line":35,"column":18},"end":{"line":36,"column":45}},"10":{"start":{"line":35,"column":62},"end":{"line":35,"column":79}},"11":{"start":{"line":36,"column":21},"end":{"line":36,"column":44}},"12":{"start":{"line":37,"column":4},"end":{"line":43,"column":5}},"13":{"start":{"line":38,"column":22},"end":{"line":38,"column":51}},"14":{"start":{"line":39,"column":8},"end":{"line":42,"column":9}},"15":{"start":{"line":40,"column":12},"end":{"line":40,"column":100}},"16":{"start":{"line":40,"column":63},"end":{"line":40,"column":99}},"17":{"start":{"line":41,"column":12},"end":{"line":41,"column":46}},"18":{"start":{"line":46,"column":20},"end":{"line":46,"column":37}},"19":{"start":{"line":47,"column":18},"end":{"line":47,"column":31}},"20":{"start":{"line":48,"column":4},"end":{"line":52,"column":5}},"21":{"start":{"line":49,"column":23},"end":{"line":49,"column":34}},"22":{"start":{"line":50,"column":8},"end":{"line":50,"column":29}},"23":{"start":{"line":51,"column":8},"end":{"line":51,"column":21}},"24":{"start":{"line":53,"column":4},"end":{"line":53,"column":18}},"25":{"start":{"line":59,"column":30},"end":{"line":59,"column":55}}},"fnMap":{"0":{"name":"(anonymous_0)","decl":{"start":{"line":15,"column":12},"end":{"line":15,"column":13}},"loc":{"start":{"line":15,"column":38},"end":{"line":29,"column":1}},"line":15},"1":{"name":"rebindEvents","decl":{"start":{"line":34,"column":9},"end":{"line":34,"column":21}},"loc":{"start":{"line":34,"column":31},"end":{"line":44,"column":1}},"line":34},"2":{"name":"(anonymous_2)","decl":{"start":{"line":35,"column":57},"end":{"line":35,"column":58}},"loc":{"start":{"line":35,"column":62},"end":{"line":35,"column":79}},"line":35},"3":{"name":"(anonymous_3)","decl":{"start":{"line":36,"column":16},"end":{"line":36,"column":17}},"loc":{"start":{"line":36,"column":21},"end":{"line":36,"column":44}},"line":36},"4":{"name":"(anonymous_4)","decl":{"start":{"line":40,"column":57},"end":{"line":40,"column":58}},"loc":{"start":{"line":40,"column":63},"end":{"line":40,"column":99}},"line":40},"5":{"name":"bind","decl":{"start":{"line":45,"column":9},"end":{"line":45,"column":13}},"loc":{"start":{"line":45,"column":23},"end":{"line":54,"column":1}},"line":45},"6":{"name":"(anonymous_6)","decl":{"start":{"line":48,"column":20},"end":{"line":48,"column":21}},"loc":{"start":{"line":48,"column":30},"end":{"line":52,"column":5}},"line":48},"7":{"name":"(anonymous_7)","decl":{"start":{"line":59,"column":11},"end":{"line":59,"column":12}},"loc":{"start":{"line":59,"column":30},"end":{"line":59,"column":55}},"line":59}},"branchMap":{"0":{"loc":{"start":{"line":17,"column":4},"end":{"line":25,"column":5}},"type":"if","locations":[{"start":{"line":17,"column":4},"end":{"line":25,"column":5}},{"start":{},"end":{}}],"line":17},"1":{"loc":{"start":{"line":18,"column":8},"end":{"line":21,"column":9}},"type":"if","locations":[{"start":{"line":18,"column":8},"end":{"line":21,"column":9}},{"start":{},"end":{}}],"line":18},"2":{"loc":{"start":{"line":20,"column":19},"end":{"line":20,"column":65}},"type":"cond-expr","locations":[{"start":{"line":20,"column":45},"end":{"line":20,"column":53}},{"start":{"line":20,"column":56},"end":{"line":20,"column":65}}],"line":20},"3":{"loc":{"start":{"line":22,"column":15},"end":{"line":24,"column":54}},"type":"cond-expr","locations":[{"start":{"line":22,"column":48},"end":{"line":22,"column":62}},{"start":{"line":23,"column":14},"end":{"line":24,"column":54}}],"line":22},"4":{"loc":{"start":{"line":23,"column":14},"end":{"line":24,"column":54}},"type":"cond-expr","locations":[{"start":{"line":23,"column":64},"end":{"line":23,"column":88}},{"start":{"line":24,"column":18},"end":{"line":24,"column":54}}],"line":23},"5":{"loc":{"start":{"line":23,"column":14},"end":{"line":23,"column":61}},"type":"binary-expr","locations":[{"start":{"line":23,"column":14},"end":{"line":23,"column":34}},{"start":{"line":23,"column":38},"end":{"line":23,"column":61}}],"line":23},"6":{"loc":{"start":{"line":24,"column":18},"end":{"line":24,"column":54}},"type":"cond-expr","locations":[{"start":{"line":24,"column":26},"end":{"line":24,"column":42}},{"start":{"line":24,"column":45},"end":{"line":24,"column":54}}],"line":24},"7":{"loc":{"start":{"line":39,"column":8},"end":{"line":42,"column":9}},"type":"if","locations":[{"start":{"line":39,"column":8},"end":{"line":42,"column":9}},{"start":{},"end":{}}],"line":39}},"s":{"0":1,"1":21,"2":21,"3":18,"4":3,"5":3,"6":15,"7":3,"8":3,"9":11,"10":11,"11":3,"12":11,"13":2,"14":2,"15":1,"16":1,"17":1,"18":11,"19":11,"20":11,"21":11,"22":11,"23":11,"24":11,"25":11},"f":{"0":21,"1":11,"2":11,"3":3,"4":1,"5":11,"6":11,"7":11},"b":{"0":[18,3],"1":[3,15],"2":[2,1],"3":[10,5],"4":[1,4],"5":[5,1],"6":[1,3],"7":[1,1]},"inputSourceMap":null,"_coverageSchema":"1a1c01bbd47fc00a2c39e90264f33305004495a9","hash":"e2831a8fdcff656a212a2588b595b205273423b2"}
}
