{"F:\\Dev\\pow.js\\dist\\pow.min.js": {"path":"F:\\Dev\\pow.js\\dist\\pow.min.js","statementMap":{"0":{"start":{"line":7,"column":6},"end":{"line":7,"column":13}},"1":{"start":{"line":7,"column":16},"end":{"line":7,"column":25}},"2":{"start":{"line":7,"column":28},"end":{"line":7,"column":35}},"3":{"start":{"line":7,"column":38},"end":{"line":7,"column":45}},"4":{"start":{"line":7,"column":48},"end":{"line":7,"column":54}},"5":{"start":{"line":7,"column":57},"end":{"line":7,"column":67}},"6":{"start":{"line":7,"column":70},"end":{"line":7,"column":79}},"7":{"start":{"line":7,"column":82},"end":{"line":7,"column":93}},"8":{"start":{"line":7,"column":96},"end":{"line":7,"column":107}},"9":{"start":{"line":7,"column":110},"end":{"line":7,"column":119}},"10":{"start":{"line":7,"column":122},"end":{"line":7,"column":150}},"11":{"start":{"line":7,"column":131},"end":{"line":7,"column":150}},"12":{"start":{"line":7,"column":153},"end":{"line":7,"column":180}},"13":{"start":{"line":7,"column":160},"end":{"line":7,"column":180}},"14":{"start":{"line":7,"column":183},"end":{"line":7,"column":194}},"15":{"start":{"line":7,"column":197},"end":{"line":7,"column":233}},"16":{"start":{"line":7,"column":204},"end":{"line":7,"column":233}},"17":{"start":{"line":7,"column":236},"end":{"line":7,"column":1906}},"18":{"start":{"line":7,"column":254},"end":{"line":7,"column":305}},"19":{"start":{"line":7,"column":257},"end":{"line":7,"column":305}},"20":{"start":{"line":7,"column":292},"end":{"line":7,"column":300}},"21":{"start":{"line":7,"column":308},"end":{"line":7,"column":348}},"22":{"start":{"line":7,"column":315},"end":{"line":7,"column":348}},"23":{"start":{"line":7,"column":351},"end":{"line":7,"column":447}},"24":{"start":{"line":7,"column":382},"end":{"line":7,"column":446}},"25":{"start":{"line":7,"column":450},"end":{"line":7,"column":658}},"26":{"start":{"line":7,"column":463},"end":{"line":7,"column":657}},"27":{"start":{"line":7,"column":473},"end":{"line":7,"column":485}},"28":{"start":{"line":7,"column":486},"end":{"line":7,"column":582}},"29":{"start":{"line":7,"column":517},"end":{"line":7,"column":520}},"30":{"start":{"line":7,"column":521},"end":{"line":7,"column":581}},"31":{"start":{"line":7,"column":548},"end":{"line":7,"column":559}},"32":{"start":{"line":7,"column":582},"end":{"line":7,"column":590}},"33":{"start":{"line":7,"column":600},"end":{"line":7,"column":656}},"34":{"start":{"line":7,"column":661},"end":{"line":7,"column":710}},"35":{"start":{"line":7,"column":664},"end":{"line":7,"column":710}},"36":{"start":{"line":7,"column":711},"end":{"line":7,"column":833}},"37":{"start":{"line":7,"column":748},"end":{"line":7,"column":776}},"38":{"start":{"line":7,"column":779},"end":{"line":7,"column":833}},"39":{"start":{"line":7,"column":833},"end":{"line":7,"column":938}},"40":{"start":{"line":7,"column":866},"end":{"line":7,"column":938}},"41":{"start":{"line":7,"column":938},"end":{"line":7,"column":949}},"42":{"start":{"line":7,"column":949},"end":{"line":7,"column":1794}},"43":{"start":{"line":7,"column":993},"end":{"line":7,"column":1176}},"44":{"start":{"line":7,"column":1056},"end":{"line":7,"column":1176}},"45":{"start":{"line":7,"column":1128},"end":{"line":7,"column":1166}},"46":{"start":{"line":7,"column":1176},"end":{"line":7,"column":1246}},"47":{"start":{"line":7,"column":1185},"end":{"line":7,"column":1198}},"48":{"start":{"line":7,"column":1209},"end":{"line":7,"column":1246}},"49":{"start":{"line":7,"column":1246},"end":{"line":7,"column":1793}},"50":{"start":{"line":7,"column":1263},"end":{"line":7,"column":1306}},"51":{"start":{"line":7,"column":1311},"end":{"line":7,"column":1390}},"52":{"start":{"line":7,"column":1327},"end":{"line":7,"column":1390}},"53":{"start":{"line":7,"column":1390},"end":{"line":7,"column":1792}},"54":{"start":{"line":7,"column":1413},"end":{"line":7,"column":1439}},"55":{"start":{"line":7,"column":1433},"end":{"line":7,"column":1439}},"56":{"start":{"line":7,"column":1445},"end":{"line":7,"column":1471}},"57":{"start":{"line":7,"column":1453},"end":{"line":7,"column":1471}},"58":{"start":{"line":7,"column":1471},"end":{"line":7,"column":1773}},"59":{"start":{"line":7,"column":1486},"end":{"line":7,"column":1564}},"60":{"start":{"line":7,"column":1545},"end":{"line":7,"column":1560}},"61":{"start":{"line":7,"column":1564},"end":{"line":7,"column":1751}},"62":{"start":{"line":7,"column":1574},"end":{"line":7,"column":1575}},"63":{"start":{"line":7,"column":1599},"end":{"line":7,"column":1613}},"64":{"start":{"line":7,"column":1614},"end":{"line":7,"column":1750}},"65":{"start":{"line":7,"column":1751},"end":{"line":7,"column":1772}},"66":{"start":{"line":7,"column":1773},"end":{"line":7,"column":1791}},"67":{"start":{"line":7,"column":1794},"end":{"line":7,"column":1843}},"68":{"start":{"line":7,"column":1836},"end":{"line":7,"column":1843}},"69":{"start":{"line":7,"column":1843},"end":{"line":7,"column":1905}},"70":{"start":{"line":7,"column":1909},"end":{"line":7,"column":2251}},"71":{"start":{"line":7,"column":1919},"end":{"line":7,"column":1923}},"72":{"start":{"line":7,"column":1926},"end":{"line":7,"column":1943}},"73":{"start":{"line":7,"column":1946},"end":{"line":7,"column":1979}},"74":{"start":{"line":7,"column":1982},"end":{"line":7,"column":2241}},"75":{"start":{"line":7,"column":1993},"end":{"line":7,"column":2051}},"76":{"start":{"line":7,"column":2000},"end":{"line":7,"column":2051}},"77":{"start":{"line":7,"column":2051},"end":{"line":7,"column":2113}},"78":{"start":{"line":7,"column":2078},"end":{"line":7,"column":2097}},"79":{"start":{"line":7,"column":2113},"end":{"line":7,"column":2191}},"80":{"start":{"line":7,"column":2117},"end":{"line":7,"column":2149}},"81":{"start":{"line":7,"column":2158},"end":{"line":7,"column":2190}},"82":{"start":{"line":7,"column":2191},"end":{"line":7,"column":2224}},"83":{"start":{"line":7,"column":2212},"end":{"line":7,"column":2222}},"84":{"start":{"line":7,"column":2242},"end":{"line":7,"column":2250}},"85":{"start":{"line":7,"column":2254},"end":{"line":7,"column":2437}},"86":{"start":{"line":7,"column":2268},"end":{"line":7,"column":2281}},"87":{"start":{"line":7,"column":2309},"end":{"line":7,"column":2351}},"88":{"start":{"line":7,"column":2338},"end":{"line":7,"column":2349}},"89":{"start":{"line":7,"column":2352},"end":{"line":7,"column":2435}},"90":{"start":{"line":7,"column":2385},"end":{"line":7,"column":2389}},"91":{"start":{"line":7,"column":2428},"end":{"line":7,"column":2432}}},"fnMap":{"0":{"name":"(anonymous_0)","decl":{"start":{"line":7,"column":122},"end":{"line":7,"column":123}},"loc":{"start":{"line":7,"column":131},"end":{"line":7,"column":150}},"line":7},"1":{"name":"(anonymous_1)","decl":{"start":{"line":7,"column":153},"end":{"line":7,"column":154}},"loc":{"start":{"line":7,"column":160},"end":{"line":7,"column":180}},"line":7},"2":{"name":"(anonymous_2)","decl":{"start":{"line":7,"column":197},"end":{"line":7,"column":198}},"loc":{"start":{"line":7,"column":204},"end":{"line":7,"column":233}},"line":7},"3":{"name":"(anonymous_3)","decl":{"start":{"line":7,"column":236},"end":{"line":7,"column":237}},"loc":{"start":{"line":7,"column":247},"end":{"line":7,"column":1906}},"line":7},"4":{"name":"(anonymous_4)","decl":{"start":{"line":7,"column":254},"end":{"line":7,"column":255}},"loc":{"start":{"line":7,"column":257},"end":{"line":7,"column":305}},"line":7},"5":{"name":"(anonymous_5)","decl":{"start":{"line":7,"column":285},"end":{"line":7,"column":286}},"loc":{"start":{"line":7,"column":292},"end":{"line":7,"column":300}},"line":7},"6":{"name":"(anonymous_6)","decl":{"start":{"line":7,"column":308},"end":{"line":7,"column":309}},"loc":{"start":{"line":7,"column":315},"end":{"line":7,"column":348}},"line":7},"7":{"name":"(anonymous_7)","decl":{"start":{"line":7,"column":351},"end":{"line":7,"column":352}},"loc":{"start":{"line":7,"column":382},"end":{"line":7,"column":446}},"line":7},"8":{"name":"(anonymous_8)","decl":{"start":{"line":7,"column":450},"end":{"line":7,"column":451}},"loc":{"start":{"line":7,"column":462},"end":{"line":7,"column":658}},"line":7},"9":{"name":"(anonymous_9)","decl":{"start":{"line":7,"column":545},"end":{"line":7,"column":546}},"loc":{"start":{"line":7,"column":548},"end":{"line":7,"column":559}},"line":7},"10":{"name":"(anonymous_10)","decl":{"start":{"line":7,"column":661},"end":{"line":7,"column":662}},"loc":{"start":{"line":7,"column":664},"end":{"line":7,"column":710}},"line":7},"11":{"name":"(anonymous_11)","decl":{"start":{"line":7,"column":745},"end":{"line":7,"column":746}},"loc":{"start":{"line":7,"column":748},"end":{"line":7,"column":776}},"line":7},"12":{"name":"(anonymous_12)","decl":{"start":{"line":7,"column":1121},"end":{"line":7,"column":1122}},"loc":{"start":{"line":7,"column":1128},"end":{"line":7,"column":1166}},"line":7},"13":{"name":"(anonymous_13)","decl":{"start":{"line":7,"column":1181},"end":{"line":7,"column":1182}},"loc":{"start":{"line":7,"column":1185},"end":{"line":7,"column":1198}},"line":7},"14":{"name":"(anonymous_14)","decl":{"start":{"line":7,"column":1535},"end":{"line":7,"column":1536}},"loc":{"start":{"line":7,"column":1545},"end":{"line":7,"column":1560}},"line":7},"15":{"name":"(anonymous_15)","decl":{"start":{"line":7,"column":1909},"end":{"line":7,"column":1910}},"loc":{"start":{"line":7,"column":1912},"end":{"line":7,"column":2251}},"line":7},"16":{"name":"(anonymous_16)","decl":{"start":{"line":7,"column":1989},"end":{"line":7,"column":1990}},"loc":{"start":{"line":7,"column":1992},"end":{"line":7,"column":2225}},"line":7},"17":{"name":"(anonymous_17)","decl":{"start":{"line":7,"column":2075},"end":{"line":7,"column":2076}},"loc":{"start":{"line":7,"column":2078},"end":{"line":7,"column":2097}},"line":7},"18":{"name":"(anonymous_18)","decl":{"start":{"line":7,"column":2208},"end":{"line":7,"column":2209}},"loc":{"start":{"line":7,"column":2212},"end":{"line":7,"column":2222}},"line":7},"19":{"name":"(anonymous_19)","decl":{"start":{"line":7,"column":2234},"end":{"line":7,"column":2235}},"loc":{"start":{"line":7,"column":2238},"end":{"line":7,"column":2240}},"line":7},"20":{"name":"(anonymous_20)","decl":{"start":{"line":7,"column":2261},"end":{"line":7,"column":2262}},"loc":{"start":{"line":7,"column":2268},"end":{"line":7,"column":2281}},"line":7},"21":{"name":"(anonymous_21)","decl":{"start":{"line":7,"column":2295},"end":{"line":7,"column":2296}},"loc":{"start":{"line":7,"column":2302},"end":{"line":7,"column":2436}},"line":7},"22":{"name":"(anonymous_22)","decl":{"start":{"line":7,"column":2335},"end":{"line":7,"column":2336}},"loc":{"start":{"line":7,"column":2338},"end":{"line":7,"column":2349}},"line":7},"23":{"name":"(anonymous_23)","decl":{"start":{"line":7,"column":2382},"end":{"line":7,"column":2383}},"loc":{"start":{"line":7,"column":2385},"end":{"line":7,"column":2389}},"line":7},"24":{"name":"(anonymous_24)","decl":{"start":{"line":7,"column":2425},"end":{"line":7,"column":2426}},"loc":{"start":{"line":7,"column":2428},"end":{"line":7,"column":2432}},"line":7}},"branchMap":{"0":{"loc":{"start":{"line":7,"column":205},"end":{"line":7,"column":212}},"type":"binary-expr","locations":[{"start":{"line":7,"column":205},"end":{"line":7,"column":209}},{"start":{"line":7,"column":211},"end":{"line":7,"column":212}}],"line":7},"1":{"loc":{"start":{"line":7,"column":292},"end":{"line":7,"column":300}},"type":"binary-expr","locations":[{"start":{"line":7,"column":292},"end":{"line":7,"column":296}},{"start":{"line":7,"column":298},"end":{"line":7,"column":300}}],"line":7},"2":{"loc":{"start":{"line":7,"column":315},"end":{"line":7,"column":348}},"type":"cond-expr","locations":[{"start":{"line":7,"column":317},"end":{"line":7,"column":318}},{"start":{"line":7,"column":319},"end":{"line":7,"column":348}}],"line":7},"3":{"loc":{"start":{"line":7,"column":356},"end":{"line":7,"column":378}},"type":"default-arg","locations":[{"start":{"line":7,"column":358},"end":{"line":7,"column":378}}],"line":7},"4":{"loc":{"start":{"line":7,"column":382},"end":{"line":7,"column":428}},"type":"binary-expr","locations":[{"start":{"line":7,"column":382},"end":{"line":7,"column":384}},{"start":{"line":7,"column":386},"end":{"line":7,"column":403}},{"start":{"line":7,"column":405},"end":{"line":7,"column":420}},{"start":{"line":7,"column":422},"end":{"line":7,"column":428}}],"line":7},"5":{"loc":{"start":{"line":7,"column":429},"end":{"line":7,"column":446}},"type":"binary-expr","locations":[{"start":{"line":7,"column":429},"end":{"line":7,"column":433}},{"start":{"line":7,"column":435},"end":{"line":7,"column":446}}],"line":7},"6":{"loc":{"start":{"line":7,"column":453},"end":{"line":7,"column":459}},"type":"default-arg","locations":[{"start":{"line":7,"column":455},"end":{"line":7,"column":459}}],"line":7},"7":{"loc":{"start":{"line":7,"column":486},"end":{"line":7,"column":582}},"type":"if","locations":[{"start":{"line":7,"column":486},"end":{"line":7,"column":582}},{"start":{},"end":{}}],"line":7},"8":{"loc":{"start":{"line":7,"column":664},"end":{"line":7,"column":710}},"type":"cond-expr","locations":[{"start":{"line":7,"column":669},"end":{"line":7,"column":695}},{"start":{"line":7,"column":696},"end":{"line":7,"column":710}}],"line":7},"9":{"loc":{"start":{"line":7,"column":993},"end":{"line":7,"column":1176}},"type":"if","locations":[{"start":{"line":7,"column":993},"end":{"line":7,"column":1176}},{"start":{},"end":{}}],"line":7},"10":{"loc":{"start":{"line":7,"column":1003},"end":{"line":7,"column":1055}},"type":"binary-expr","locations":[{"start":{"line":7,"column":1003},"end":{"line":7,"column":1007}},{"start":{"line":7,"column":1009},"end":{"line":7,"column":1055}}],"line":7},"11":{"loc":{"start":{"line":7,"column":1128},"end":{"line":7,"column":1166}},"type":"binary-expr","locations":[{"start":{"line":7,"column":1128},"end":{"line":7,"column":1155}},{"start":{"line":7,"column":1158},"end":{"line":7,"column":1159}},{"start":{"line":7,"column":1161},"end":{"line":7,"column":1165}}],"line":7},"12":{"loc":{"start":{"line":7,"column":1135},"end":{"line":7,"column":1145}},"type":"cond-expr","locations":[{"start":{"line":7,"column":1137},"end":{"line":7,"column":1142}},{"start":{"line":7,"column":1143},"end":{"line":7,"column":1145}}],"line":7},"13":{"loc":{"start":{"line":7,"column":1176},"end":{"line":7,"column":1246}},"type":"if","locations":[{"start":{"line":7,"column":1176},"end":{"line":7,"column":1246}},{"start":{},"end":{}}],"line":7},"14":{"loc":{"start":{"line":7,"column":1187},"end":{"line":7,"column":1198}},"type":"cond-expr","locations":[{"start":{"line":7,"column":1189},"end":{"line":7,"column":1193}},{"start":{"line":7,"column":1194},"end":{"line":7,"column":1198}}],"line":7},"15":{"loc":{"start":{"line":7,"column":1216},"end":{"line":7,"column":1238}},"type":"binary-expr","locations":[{"start":{"line":7,"column":1216},"end":{"line":7,"column":1219}},{"start":{"line":7,"column":1221},"end":{"line":7,"column":1238}}],"line":7},"16":{"loc":{"start":{"line":7,"column":1246},"end":{"line":7,"column":1793}},"type":"if","locations":[{"start":{"line":7,"column":1246},"end":{"line":7,"column":1793}},{"start":{"line":7,"column":1310},"end":{"line":7,"column":1793}}],"line":7},"17":{"loc":{"start":{"line":7,"column":1311},"end":{"line":7,"column":1390}},"type":"if","locations":[{"start":{"line":7,"column":1311},"end":{"line":7,"column":1390}},{"start":{},"end":{}}],"line":7},"18":{"loc":{"start":{"line":7,"column":1314},"end":{"line":7,"column":1326}},"type":"binary-expr","locations":[{"start":{"line":7,"column":1314},"end":{"line":7,"column":1323}},{"start":{"line":7,"column":1325},"end":{"line":7,"column":1326}}],"line":7},"19":{"loc":{"start":{"line":7,"column":1334},"end":{"line":7,"column":1389}},"type":"cond-expr","locations":[{"start":{"line":7,"column":1347},"end":{"line":7,"column":1348}},{"start":{"line":7,"column":1349},"end":{"line":7,"column":1389}}],"line":7},"20":{"loc":{"start":{"line":7,"column":1390},"end":{"line":7,"column":1792}},"type":"if","locations":[{"start":{"line":7,"column":1390},"end":{"line":7,"column":1792}},{"start":{"line":7,"column":1444},"end":{"line":7,"column":1792}}],"line":7},"21":{"loc":{"start":{"line":7,"column":1413},"end":{"line":7,"column":1439}},"type":"if","locations":[{"start":{"line":7,"column":1413},"end":{"line":7,"column":1439}},{"start":{},"end":{}}],"line":7},"22":{"loc":{"start":{"line":7,"column":1445},"end":{"line":7,"column":1471}},"type":"if","locations":[{"start":{"line":7,"column":1445},"end":{"line":7,"column":1471}},{"start":{},"end":{}}],"line":7},"23":{"loc":{"start":{"line":7,"column":1471},"end":{"line":7,"column":1773}},"type":"if","locations":[{"start":{"line":7,"column":1471},"end":{"line":7,"column":1773}},{"start":{},"end":{}}],"line":7},"24":{"loc":{"start":{"line":7,"column":1488},"end":{"line":7,"column":1563}},"type":"cond-expr","locations":[{"start":{"line":7,"column":1510},"end":{"line":7,"column":1511}},{"start":{"line":7,"column":1512},"end":{"line":7,"column":1563}}],"line":7},"25":{"loc":{"start":{"line":7,"column":1665},"end":{"line":7,"column":1675}},"type":"cond-expr","locations":[{"start":{"line":7,"column":1667},"end":{"line":7,"column":1672}},{"start":{"line":7,"column":1673},"end":{"line":7,"column":1675}}],"line":7},"26":{"loc":{"start":{"line":7,"column":1773},"end":{"line":7,"column":1791}},"type":"binary-expr","locations":[{"start":{"line":7,"column":1774},"end":{"line":7,"column":1780}},{"start":{"line":7,"column":1783},"end":{"line":7,"column":1791}}],"line":7},"27":{"loc":{"start":{"line":7,"column":1856},"end":{"line":7,"column":1905}},"type":"binary-expr","locations":[{"start":{"line":7,"column":1856},"end":{"line":7,"column":1870}},{"start":{"line":7,"column":1872},"end":{"line":7,"column":1905}}],"line":7},"28":{"loc":{"start":{"line":7,"column":1993},"end":{"line":7,"column":2051}},"type":"if","locations":[{"start":{"line":7,"column":1993},"end":{"line":7,"column":2051}},{"start":{},"end":{}}],"line":7}},"s":{"0":9,"1":9,"2":9,"3":9,"4":9,"5":9,"6":9,"7":9,"8":9,"9":9,"10":9,"11":83,"12":9,"13":614,"14":9,"15":9,"16":1233,"17":9,"18":395,"19":333,"20":121,"21":395,"22":337,"23":395,"24":106,"25":395,"26":217,"27":217,"28":215,"29":7,"30":7,"31":2,"32":208,"33":2,"34":395,"35":301,"36":395,"37":232,"38":7,"39":395,"40":4,"41":395,"42":395,"43":194,"44":17,"45":6,"46":177,"47":102,"48":15,"49":162,"50":1,"51":161,"52":29,"53":132,"54":40,"55":20,"56":92,"57":19,"58":73,"59":17,"60":3,"61":17,"62":17,"63":42,"64":42,"65":17,"66":56,"67":278,"68":160,"69":277,"70":9,"71":139,"72":139,"73":139,"74":139,"75":141,"76":1,"77":140,"78":28,"79":140,"80":140,"81":140,"82":139,"83":2,"84":139,"85":9,"86":125,"87":202,"88":1349,"89":202,"90":1278,"91":1278},"f":{"0":83,"1":614,"2":1233,"3":395,"4":333,"5":121,"6":337,"7":106,"8":217,"9":2,"10":301,"11":232,"12":6,"13":102,"14":3,"15":139,"16":141,"17":28,"18":2,"19":2,"20":125,"21":202,"22":1349,"23":1278,"24":1278},"b":{"0":[1233,1016],"1":[121,9],"2":[164,173],"3":[106],"4":[106,33,25,25],"5":[106,47],"6":[217],"7":[7,208],"8":[84,217],"9":[17,177],"10":[194,20],"11":[6,2,2],"12":[2,4],"13":[15,162],"14":[96,6],"15":[15,4],"16":[1,161],"17":[29,132],"18":[161,29],"19":[7,22],"20":[40,92],"21":[20,20],"22":[19,73],"23":[17,56],"24":[16,1],"25":[35,7],"26":[56,51],"27":[277,44],"28":[1,140]},"inputSourceMap":null,"_coverageSchema":"1a1c01bbd47fc00a2c39e90264f33305004495a9","hash":"c69b0bbdbd9f71a5b3190bf81adca6dd104321e5"}
,"F:\\Dev\\pow.js\\dist\\pow.safe.min.js": {"path":"F:\\Dev\\pow.js\\dist\\pow.safe.min.js","statementMap":{"0":{"start":{"line":7,"column":52},"end":{"line":7,"column":66}},"1":{"start":{"line":7,"column":67},"end":{"line":7,"column":280}},"2":{"start":{"line":7,"column":75},"end":{"line":7,"column":174}},"3":{"start":{"line":7,"column":102},"end":{"line":7,"column":126}},"4":{"start":{"line":7,"column":127},"end":{"line":7,"column":173}},"5":{"start":{"line":7,"column":174},"end":{"line":7,"column":279}},"6":{"start":{"line":7,"column":286},"end":{"line":7,"column":309}},"7":{"start":{"line":7,"column":310},"end":{"line":7,"column":336}},"8":{"start":{"line":7,"column":357},"end":{"line":7,"column":366}},"9":{"start":{"line":7,"column":369},"end":{"line":7,"column":376}},"10":{"start":{"line":7,"column":377},"end":{"line":7,"column":710}},"11":{"start":{"line":7,"column":402},"end":{"line":7,"column":406}},"12":{"start":{"line":7,"column":407},"end":{"line":7,"column":707}},"13":{"start":{"line":7,"column":432},"end":{"line":7,"column":532}},"14":{"start":{"line":7,"column":469},"end":{"line":7,"column":486}},"15":{"start":{"line":7,"column":507},"end":{"line":7,"column":530}},"16":{"start":{"line":7,"column":533},"end":{"line":7,"column":701}},"17":{"start":{"line":7,"column":583},"end":{"line":7,"column":615}},"18":{"start":{"line":7,"column":616},"end":{"line":7,"column":700}},"19":{"start":{"line":7,"column":655},"end":{"line":7,"column":676}},"20":{"start":{"line":7,"column":711},"end":{"line":7,"column":721}},"21":{"start":{"line":7,"column":749},"end":{"line":7,"column":762}}},"fnMap":{"0":{"name":"e","decl":{"start":{"line":7,"column":37},"end":{"line":7,"column":38}},"loc":{"start":{"line":7,"column":45},"end":{"line":7,"column":337}},"line":7},"1":{"name":"n","decl":{"start":{"line":7,"column":346},"end":{"line":7,"column":347}},"loc":{"start":{"line":7,"column":350},"end":{"line":7,"column":711}},"line":7},"2":{"name":"(anonymous_2)","decl":{"start":{"line":7,"column":392},"end":{"line":7,"column":393}},"loc":{"start":{"line":7,"column":395},"end":{"line":7,"column":708}},"line":7},"3":{"name":"(anonymous_3)","decl":{"start":{"line":7,"column":414},"end":{"line":7,"column":415}},"loc":{"start":{"line":7,"column":425},"end":{"line":7,"column":702}},"line":7},"4":{"name":"(anonymous_4)","decl":{"start":{"line":7,"column":466},"end":{"line":7,"column":467}},"loc":{"start":{"line":7,"column":469},"end":{"line":7,"column":486}},"line":7},"5":{"name":"(anonymous_5)","decl":{"start":{"line":7,"column":504},"end":{"line":7,"column":505}},"loc":{"start":{"line":7,"column":507},"end":{"line":7,"column":530}},"line":7},"6":{"name":"(anonymous_6)","decl":{"start":{"line":7,"column":651},"end":{"line":7,"column":652}},"loc":{"start":{"line":7,"column":655},"end":{"line":7,"column":676}},"line":7},"7":{"name":"(anonymous_7)","decl":{"start":{"line":7,"column":742},"end":{"line":7,"column":743}},"loc":{"start":{"line":7,"column":749},"end":{"line":7,"column":762}},"line":7}},"branchMap":{"0":{"loc":{"start":{"line":7,"column":67},"end":{"line":7,"column":280}},"type":"if","locations":[{"start":{"line":7,"column":67},"end":{"line":7,"column":280}},{"start":{},"end":{}}],"line":7},"1":{"loc":{"start":{"line":7,"column":75},"end":{"line":7,"column":174}},"type":"if","locations":[{"start":{"line":7,"column":75},"end":{"line":7,"column":174}},{"start":{},"end":{}}],"line":7},"2":{"loc":{"start":{"line":7,"column":133},"end":{"line":7,"column":173}},"type":"cond-expr","locations":[{"start":{"line":7,"column":154},"end":{"line":7,"column":166}},{"start":{"line":7,"column":167},"end":{"line":7,"column":173}}],"line":7},"3":{"loc":{"start":{"line":7,"column":181},"end":{"line":7,"column":279}},"type":"cond-expr","locations":[{"start":{"line":7,"column":202},"end":{"line":7,"column":206}},{"start":{"line":7,"column":207},"end":{"line":7,"column":279}}],"line":7},"4":{"loc":{"start":{"line":7,"column":207},"end":{"line":7,"column":279}},"type":"cond-expr","locations":[{"start":{"line":7,"column":239},"end":{"line":7,"column":260}},{"start":{"line":7,"column":261},"end":{"line":7,"column":279}}],"line":7},"5":{"loc":{"start":{"line":7,"column":207},"end":{"line":7,"column":238}},"type":"binary-expr","locations":[{"start":{"line":7,"column":207},"end":{"line":7,"column":218}},{"start":{"line":7,"column":220},"end":{"line":7,"column":238}}],"line":7},"6":{"loc":{"start":{"line":7,"column":261},"end":{"line":7,"column":279}},"type":"cond-expr","locations":[{"start":{"line":7,"column":263},"end":{"line":7,"column":269}},{"start":{"line":7,"column":270},"end":{"line":7,"column":279}}],"line":7},"7":{"loc":{"start":{"line":7,"column":616},"end":{"line":7,"column":700}},"type":"binary-expr","locations":[{"start":{"line":7,"column":616},"end":{"line":7,"column":617}},{"start":{"line":7,"column":620},"end":{"line":7,"column":699}}],"line":7}},"s":{"0":21,"1":21,"2":18,"3":3,"4":3,"5":15,"6":3,"7":3,"8":11,"9":11,"10":11,"11":11,"12":11,"13":11,"14":11,"15":3,"16":11,"17":2,"18":2,"19":1,"20":1,"21":11},"f":{"0":21,"1":11,"2":11,"3":11,"4":11,"5":3,"6":1,"7":11},"b":{"0":[18,3],"1":[3,15],"2":[2,1],"3":[10,5],"4":[1,4],"5":[5,1],"6":[3,1],"7":[2,1]},"inputSourceMap":null,"_coverageSchema":"1a1c01bbd47fc00a2c39e90264f33305004495a9","hash":"c552652425b296f795bed4f1c390ffd9812f4b4a"}
}
