TN:
SF:dist\pow.min.js
FN:7,(anonymous_0)
FN:7,(anonymous_1)
FN:7,(anonymous_2)
FN:7,(anonymous_3)
FN:7,(anonymous_4)
FN:7,(anonymous_5)
FN:7,(anonymous_6)
FN:7,(anonymous_7)
FN:7,(anonymous_8)
FN:7,(anonymous_9)
FN:7,(anonymous_10)
FN:7,(anonymous_11)
FN:7,(anonymous_12)
FN:7,(anonymous_13)
FN:7,(anonymous_14)
FN:7,(anonymous_15)
FN:7,(anonymous_16)
FN:7,(anonymous_17)
FN:7,(anonymous_18)
FN:7,(anonymous_19)
FN:7,(anonymous_20)
FN:7,(anonymous_21)
FN:7,(anonymous_22)
FNF:23
FNH:23
FNDA:69,(anonymous_0)
FNDA:529,(anonymous_1)
FNDA:703,(anonymous_2)
FNDA:283,(anonymous_3)
FNDA:113,(anonymous_4)
FNDA:287,(anonymous_5)
FNDA:203,(anonymous_6)
FNDA:2,(anonymous_7)
FNDA:279,(anonymous_8)
FNDA:74,(anonymous_9)
FNDA:57,(anonymous_10)
FNDA:345,(anonymous_11)
FNDA:3,(anonymous_12)
FNDA:123,(anonymous_13)
FNDA:125,(anonymous_14)
FNDA:21,(anonymous_15)
FNDA:2,(anonymous_16)
FNDA:2,(anonymous_17)
FNDA:109,(anonymous_18)
FNDA:188,(anonymous_19)
FNDA:1270,(anonymous_20)
FNDA:1201,(anonymous_21)
FNDA:1201,(anonymous_22)
DA:7,1270
LF:1
LH:1
BRDA:7,0,0,703
BRDA:7,0,1,597
BRDA:7,1,0,113
BRDA:7,1,1,9
BRDA:7,2,0,141
BRDA:7,2,1,146
BRDA:7,3,0,203
BRDA:7,4,0,7
BRDA:7,4,1,194
BRDA:7,5,0,76
BRDA:7,5,1,203
BRDA:7,6,0,39
BRDA:7,6,1,35
BRDA:7,7,0,37
BRDA:7,7,1,42
BRDA:7,8,0,17
BRDA:7,8,1,20
BRDA:7,9,0,20
BRDA:7,9,1,5
BRDA:7,10,0,57
BRDA:7,10,1,37
BRDA:7,11,0,8
BRDA:7,11,1,139
BRDA:7,12,0,8
BRDA:7,12,1,7
BRDA:7,13,0,96
BRDA:7,13,1,43
BRDA:7,14,0,139
BRDA:7,14,1,124
BRDA:7,15,0,15
BRDA:7,15,1,81
BRDA:7,16,0,90
BRDA:7,16,1,6
BRDA:7,17,0,15
BRDA:7,17,1,4
BRDA:7,18,0,24
BRDA:7,18,1,57
BRDA:7,19,0,81
BRDA:7,19,1,24
BRDA:7,20,0,5
BRDA:7,20,1,19
BRDA:7,21,0,40
BRDA:7,21,1,17
BRDA:7,22,0,40
BRDA:7,22,1,20
BRDA:7,23,0,16
BRDA:7,23,1,1
BRDA:7,24,0,35
BRDA:7,24,1,7
BRDA:7,25,0,43
BRDA:7,25,1,39
BRDA:7,26,0,240
BRDA:7,26,1,35
BRDA:7,27,0,1
BRDA:7,27,1,124
BRF:55
BRH:55
end_of_record
TN:
SF:dist\pow.safe.min.js
FN:7,e
FN:7,n
FN:7,(anonymous_2)
FN:7,(anonymous_3)
FN:7,(anonymous_4)
FN:7,(anonymous_5)
FN:7,(anonymous_6)
FN:7,(anonymous_7)
FNF:8
FNH:8
FNDA:21,e
FNDA:11,n
FNDA:11,(anonymous_2)
FNDA:11,(anonymous_3)
FNDA:11,(anonymous_4)
FNDA:3,(anonymous_5)
FNDA:1,(anonymous_6)
FNDA:11,(anonymous_7)
DA:7,21
LF:1
LH:1
BRDA:7,0,0,18
BRDA:7,0,1,3
BRDA:7,1,0,3
BRDA:7,1,1,15
BRDA:7,2,0,2
BRDA:7,2,1,1
BRDA:7,3,0,10
BRDA:7,3,1,5
BRDA:7,4,0,1
BRDA:7,4,1,4
BRDA:7,5,0,5
BRDA:7,5,1,1
BRDA:7,6,0,3
BRDA:7,6,1,1
BRDA:7,7,0,2
BRDA:7,7,1,1
BRF:16
BRH:16
end_of_record
