TN:
SF:dist\pow.min.js
FN:7,(anonymous_0)
FN:7,(anonymous_1)
FN:7,(anonymous_2)
FN:7,(anonymous_3)
FN:7,(anonymous_4)
FN:7,(anonymous_5)
FN:7,(anonymous_6)
FN:7,(anonymous_7)
FN:7,(anonymous_8)
FN:7,(anonymous_9)
FN:7,(anonymous_10)
FN:7,(anonymous_11)
FN:7,(anonymous_12)
FN:7,(anonymous_13)
FN:7,(anonymous_14)
FN:7,(anonymous_15)
FN:7,(anonymous_16)
FN:7,(anonymous_17)
FN:7,(anonymous_18)
FN:7,(anonymous_19)
FN:7,(anonymous_20)
FN:7,(anonymous_21)
FN:7,(anonymous_22)
FN:7,(anonymous_23)
FN:7,(anonymous_24)
FN:7,(anonymous_25)
FN:7,(anonymous_26)
FN:7,(anonymous_27)
FN:7,(anonymous_28)
FN:7,(anonymous_29)
FN:7,(anonymous_30)
FNF:31
FNH:31
FNDA:97,(anonymous_0)
FNDA:705,(anonymous_1)
FNDA:63,(anonymous_2)
FNDA:395,(anonymous_3)
FNDA:170,(anonymous_4)
FNDA:60,(anonymous_5)
FNDA:1436,(anonymous_6)
FNDA:154,(anonymous_7)
FNDA:450,(anonymous_8)
FNDA:391,(anonymous_9)
FNDA:145,(anonymous_10)
FNDA:113,(anonymous_11)
FNDA:251,(anonymous_12)
FNDA:2,(anonymous_13)
FNDA:340,(anonymous_14)
FNDA:280,(anonymous_15)
FNDA:9,(anonymous_16)
FNDA:108,(anonymous_17)
FNDA:5,(anonymous_18)
FNDA:9,(anonymous_19)
FNDA:9,(anonymous_20)
FNDA:166,(anonymous_21)
FNDA:157,(anonymous_22)
FNDA:156,(anonymous_23)
FNDA:3,(anonymous_24)
FNDA:2,(anonymous_25)
FNDA:140,(anonymous_26)
FNDA:236,(anonymous_27)
FNDA:1503,(anonymous_28)
FNDA:1432,(anonymous_29)
FNDA:1428,(anonymous_30)
DA:7,1503
LF:1
LH:1
BRDA:7,0,0,203
BRDA:7,0,1,192
BRDA:7,1,0,1436
BRDA:7,1,1,1183
BRDA:7,2,0,145
BRDA:7,2,1,9
BRDA:7,3,0,113
BRDA:7,4,0,113
BRDA:7,4,1,34
BRDA:7,4,2,26
BRDA:7,5,0,113
BRDA:7,5,1,49
BRDA:7,6,0,251
BRDA:7,7,0,7
BRDA:7,7,1,240
BRDA:7,8,0,340
BRDA:7,8,1,89
BRDA:7,9,0,20
BRDA:7,9,1,209
BRDA:7,10,0,229
BRDA:7,10,1,23
BRDA:7,11,0,3
BRDA:7,11,1,6
BRDA:7,12,0,3
BRDA:7,12,1,1
BRDA:7,13,0,18
BRDA:7,13,1,191
BRDA:7,14,0,102
BRDA:7,14,1,6
BRDA:7,15,0,16
BRDA:7,15,1,2
BRDA:7,16,0,44
BRDA:7,16,1,7
BRDA:7,17,0,29
BRDA:7,17,1,162
BRDA:7,18,0,7
BRDA:7,18,1,22
BRDA:7,19,0,43
BRDA:7,19,1,119
BRDA:7,20,0,21
BRDA:7,20,1,22
BRDA:7,21,0,17
BRDA:7,21,1,102
BRDA:7,22,0,17
BRDA:7,22,1,6
BRDA:7,23,0,1
BRDA:7,23,1,101
BRDA:7,24,0,20
BRDA:7,24,1,81
BRDA:7,25,0,4
BRDA:7,25,1,77
BRDA:7,26,0,10
BRDA:7,26,1,67
BRDA:7,27,0,77
BRDA:7,27,1,10
BRDA:7,28,0,10
BRDA:7,28,1,9
BRDA:7,29,0,9
BRDA:7,29,1,2
BRDA:7,30,0,67
BRDA:7,30,1,62
BRDA:7,31,0,324
BRDA:7,31,1,1
BRDA:7,32,0,324
BRDA:7,32,1,49
BRDA:7,33,0,1
BRDA:7,33,1,165
BRDA:7,34,0,236
BRF:68
BRH:68
end_of_record
TN:
SF:dist\pow.safe.min.js
FN:7,e
FN:7,n
FN:7,(anonymous_2)
FN:7,(anonymous_3)
FN:7,(anonymous_4)
FN:7,(anonymous_5)
FN:7,(anonymous_6)
FN:7,(anonymous_7)
FNF:8
FNH:8
FNDA:21,e
FNDA:11,n
FNDA:11,(anonymous_2)
FNDA:11,(anonymous_3)
FNDA:11,(anonymous_4)
FNDA:3,(anonymous_5)
FNDA:1,(anonymous_6)
FNDA:11,(anonymous_7)
DA:7,21
LF:1
LH:1
BRDA:7,0,0,18
BRDA:7,0,1,3
BRDA:7,1,0,3
BRDA:7,1,1,15
BRDA:7,2,0,2
BRDA:7,2,1,1
BRDA:7,3,0,10
BRDA:7,3,1,5
BRDA:7,4,0,1
BRDA:7,4,1,4
BRDA:7,5,0,5
BRDA:7,5,1,1
BRDA:7,6,0,3
BRDA:7,6,1,1
BRDA:7,7,0,2
BRDA:7,7,1,1
BRF:16
BRH:16
end_of_record
TN:
SF:src\pow.js
FN:14,(anonymous_0)
FN:14,(anonymous_1)
FN:15,(anonymous_2)
FN:16,(anonymous_3)
FN:17,(anonymous_4)
FN:18,(anonymous_5)
FN:19,(anonymous_6)
FN:21,(anonymous_7)
FN:25,(anonymous_8)
FN:27,(anonymous_9)
FN:27,(anonymous_10)
FN:30,(anonymous_11)
FN:37,(anonymous_12)
FN:45,(anonymous_13)
FN:53,(anonymous_14)
FN:58,(anonymous_15)
FN:87,(anonymous_16)
FN:93,(anonymous_17)
FN:97,(anonymous_18)
FN:130,(anonymous_19)
FN:133,(anonymous_20)
FN:157,(anonymous_21)
FN:173,(anonymous_22)
FN:173,(anonymous_23)
FN:182,(anonymous_24)
FN:184,(anonymous_25)
FN:190,(anonymous_26)
FN:192,(anonymous_27)
FN:192,(anonymous_28)
FN:193,(anonymous_29)
FN:193,(anonymous_30)
FNF:31
FNH:31
FNDA:97,(anonymous_0)
FNDA:705,(anonymous_1)
FNDA:63,(anonymous_2)
FNDA:395,(anonymous_3)
FNDA:170,(anonymous_4)
FNDA:60,(anonymous_5)
FNDA:1436,(anonymous_6)
FNDA:154,(anonymous_7)
FNDA:450,(anonymous_8)
FNDA:391,(anonymous_9)
FNDA:145,(anonymous_10)
FNDA:113,(anonymous_11)
FNDA:251,(anonymous_12)
FNDA:2,(anonymous_13)
FNDA:340,(anonymous_14)
FNDA:280,(anonymous_15)
FNDA:9,(anonymous_16)
FNDA:108,(anonymous_17)
FNDA:5,(anonymous_18)
FNDA:9,(anonymous_19)
FNDA:9,(anonymous_20)
FNDA:166,(anonymous_21)
FNDA:157,(anonymous_22)
FNDA:156,(anonymous_23)
FNDA:3,(anonymous_24)
FNDA:2,(anonymous_25)
FNDA:140,(anonymous_26)
FNDA:236,(anonymous_27)
FNDA:1503,(anonymous_28)
FNDA:1432,(anonymous_29)
FNDA:1428,(anonymous_30)
DA:8,10
DA:9,10
DA:10,10
DA:11,10
DA:12,10
DA:14,705
DA:15,63
DA:16,395
DA:17,170
DA:18,60
DA:19,1436
DA:21,10
DA:22,154
DA:23,154
DA:25,154
DA:27,450
DA:30,450
DA:31,113
DA:32,26
DA:33,113
DA:37,450
DA:38,251
DA:40,251
DA:43,247
DA:44,7
DA:45,7
DA:46,7
DA:48,240
DA:50,4
DA:53,450
DA:58,450
DA:59,7
DA:62,450
DA:63,4
DA:65,450
DA:68,450
DA:69,450
DA:70,229
DA:73,229
DA:75,20
DA:76,20
DA:77,6
DA:78,6
DA:80,20
DA:84,20
DA:87,9
DA:89,20
DA:93,209
DA:95,209
DA:96,18
DA:97,5
DA:98,18
DA:99,44
DA:100,44
DA:101,44
DA:106,18
DA:107,191
DA:108,29
DA:114,162
DA:115,43
DA:116,21
DA:117,119
DA:118,17
DA:119,6
DA:120,16
DA:121,102
DA:122,1
DA:123,101
DA:124,20
DA:125,81
DA:126,4
DA:127,77
DA:128,10
DA:129,10
DA:130,10
DA:131,9
DA:132,9
DA:133,9
DA:134,9
DA:135,9
DA:138,67
DA:139,62
DA:144,325
DA:145,183
DA:148,324
DA:149,1
DA:152,324
DA:153,324
DA:154,49
DA:157,154
DA:158,166
DA:159,1
DA:160,165
DA:161,165
DA:162,165
DA:164,165
DA:165,165
DA:168,164
DA:169,164
DA:172,154
DA:173,157
DA:175,156
DA:176,156
DA:177,29
DA:178,156
DA:180,156
DA:182,155
DA:186,154
DA:189,10
DA:190,140
DA:192,1503
DA:193,1432
LF:112
LH:112
BRDA:16,0,0,203
BRDA:16,0,1,192
BRDA:19,1,0,1436
BRDA:19,1,1,1183
BRDA:27,2,0,145
BRDA:27,2,1,9
BRDA:30,3,0,113
BRDA:31,4,0,26
BRDA:31,4,1,87
BRDA:31,5,0,113
BRDA:31,5,1,34
BRDA:33,6,0,113
BRDA:33,6,1,49
BRDA:37,7,0,251
BRDA:43,8,0,7
BRDA:43,8,1,240
BRDA:54,9,0,340
BRDA:54,9,1,89
BRDA:73,10,0,20
BRDA:73,10,1,209
BRDA:73,11,0,229
BRDA:73,11,1,23
BRDA:87,12,0,3
BRDA:87,12,1,6
BRDA:87,13,0,3
BRDA:87,13,1,1
BRDA:93,14,0,102
BRDA:93,14,1,6
BRDA:95,15,0,18
BRDA:95,15,1,191
BRDA:96,16,0,16
BRDA:96,16,1,2
BRDA:102,17,0,44
BRDA:102,17,1,7
BRDA:107,18,0,29
BRDA:107,18,1,162
BRDA:108,19,0,7
BRDA:108,19,1,22
BRDA:114,20,0,43
BRDA:114,20,1,119
BRDA:115,21,0,21
BRDA:115,21,1,22
BRDA:117,22,0,17
BRDA:117,22,1,102
BRDA:118,23,0,6
BRDA:118,23,1,11
BRDA:121,24,0,1
BRDA:121,24,1,101
BRDA:123,25,0,20
BRDA:123,25,1,81
BRDA:125,26,0,4
BRDA:125,26,1,77
BRDA:127,27,0,10
BRDA:127,27,1,67
BRDA:127,28,0,77
BRDA:127,28,1,10
BRDA:128,29,0,10
BRDA:128,29,1,9
BRDA:131,30,0,9
BRDA:131,30,1,2
BRDA:138,31,0,62
BRDA:138,31,1,5
BRDA:148,32,0,1
BRDA:148,32,1,323
BRDA:153,33,0,49
BRDA:153,33,1,275
BRDA:158,34,0,1
BRDA:158,34,1,165
BRDA:192,35,0,236
BRF:69
BRH:69
end_of_record
TN:
SF:src\pow.safe.js
FN:15,_eval
FN:35,rebindEvents
FN:36,(anonymous_2)
FN:37,(anonymous_3)
FN:41,(anonymous_4)
FN:46,bind
FN:49,(anonymous_6)
FN:59,(anonymous_7)
FNF:8
FNH:8
FNDA:21,_eval
FNDA:11,rebindEvents
FNDA:11,(anonymous_2)
FNDA:3,(anonymous_3)
FNDA:1,(anonymous_4)
FNDA:11,bind
FNDA:11,(anonymous_6)
FNDA:11,(anonymous_7)
DA:16,21
DA:17,21
DA:18,18
DA:19,3
DA:20,3
DA:22,15
DA:27,3
DA:28,3
DA:30,1
DA:36,11
DA:37,3
DA:38,11
DA:39,2
DA:40,2
DA:41,1
DA:42,1
DA:47,11
DA:48,11
DA:49,11
DA:50,11
DA:51,11
DA:52,11
DA:54,11
DA:59,11
LF:24
LH:24
BRDA:17,0,0,18
BRDA:17,0,1,3
BRDA:18,1,0,3
BRDA:18,1,1,15
BRDA:20,2,0,2
BRDA:20,2,1,1
BRDA:22,3,0,10
BRDA:22,3,1,5
BRDA:23,4,0,1
BRDA:23,4,1,4
BRDA:23,5,0,5
BRDA:23,5,1,1
BRDA:24,6,0,1
BRDA:24,6,1,3
BRDA:40,7,0,1
BRDA:40,7,1,1
BRF:16
BRH:16
end_of_record
