TN:
SF:dist\pow.min.js
FN:7,(anonymous_0)
FN:7,(anonymous_1)
FN:7,(anonymous_2)
FN:7,(anonymous_3)
FN:7,(anonymous_4)
FN:7,(anonymous_5)
FN:7,(anonymous_6)
FN:7,(anonymous_7)
FN:7,(anonymous_8)
FN:7,(anonymous_9)
FN:7,(anonymous_10)
FN:7,(anonymous_11)
FN:7,(anonymous_12)
FN:7,(anonymous_13)
FN:7,(anonymous_14)
FN:7,(anonymous_15)
FN:7,(anonymous_16)
FN:7,(anonymous_17)
FN:7,(anonymous_18)
FN:7,(anonymous_19)
FN:7,(anonymous_20)
FN:7,(anonymous_21)
FN:7,(anonymous_22)
FN:7,(anonymous_23)
FN:7,(anonymous_24)
FN:7,(anonymous_25)
FN:7,(anonymous_26)
FN:7,(anonymous_27)
FN:7,(anonymous_28)
FN:7,(anonymous_29)
FN:7,(anonymous_30)
FN:7,(anonymous_31)
FN:7,(anonymous_32)
FN:7,(anonymous_33)
FN:7,(anonymous_34)
FNF:35
FNH:35
FNDA:142,(anonymous_0)
FNDA:834,(anonymous_1)
FNDA:74,(anonymous_2)
FNDA:405,(anonymous_3)
FNDA:473,(anonymous_4)
FNDA:205,(anonymous_5)
FNDA:167,(anonymous_6)
FNDA:1743,(anonymous_7)
FNDA:45,(anonymous_8)
FNDA:174,(anonymous_9)
FNDA:537,(anonymous_10)
FNDA:297,(anonymous_11)
FNDA:123,(anonymous_12)
FNDA:366,(anonymous_13)
FNDA:9,(anonymous_14)
FNDA:3,(anonymous_15)
FNDA:337,(anonymous_16)
FNDA:9,(anonymous_17)
FNDA:10,(anonymous_18)
FNDA:10,(anonymous_19)
FNDA:3,(anonymous_20)
FNDA:7,(anonymous_21)
FNDA:5,(anonymous_22)
FNDA:152,(anonymous_23)
FNDA:1,(anonymous_24)
FNDA:187,(anonymous_25)
FNDA:177,(anonymous_26)
FNDA:176,(anonymous_27)
FNDA:3,(anonymous_28)
FNDA:2,(anonymous_29)
FNDA:160,(anonymous_30)
FNDA:282,(anonymous_31)
FNDA:2011,(anonymous_32)
FNDA:1885,(anonymous_33)
FNDA:1881,(anonymous_34)
DA:7,2011
LF:1
LH:1
BRDA:7,0,0,405
BRDA:7,0,1,105
BRDA:7,1,0,237
BRDA:7,1,1,236
BRDA:7,2,0,473
BRDA:7,2,1,236
BRDA:7,3,0,1743
BRDA:7,3,1,1452
BRDA:7,4,0,145
BRDA:7,5,0,123
BRDA:7,6,0,123
BRDA:7,6,1,37
BRDA:7,6,2,29
BRDA:7,7,0,123
BRDA:7,7,1,55
BRDA:7,8,0,1
BRDA:7,8,1,365
BRDA:7,9,0,7
BRDA:7,9,1,358
BRDA:7,10,0,9
BRDA:7,11,0,27
BRDA:7,11,1,264
BRDA:7,12,0,20
BRDA:7,12,1,244
BRDA:7,13,0,264
BRDA:7,13,1,23
BRDA:7,14,0,3
BRDA:7,14,1,6
BRDA:7,15,0,3
BRDA:7,15,1,1
BRDA:7,16,0,240
BRDA:7,16,1,4
BRDA:7,17,0,11
BRDA:7,17,1,229
BRDA:7,18,0,240
BRDA:7,18,1,11
BRDA:7,19,0,11
BRDA:7,19,1,10
BRDA:7,20,0,10
BRDA:7,20,1,2
BRDA:7,21,0,7
BRDA:7,21,1,222
BRDA:7,22,0,218
BRDA:7,22,1,11
BRDA:7,23,0,39
BRDA:7,23,1,179
BRDA:7,24,0,36
BRDA:7,24,1,3
BRDA:7,25,0,3
BRDA:7,25,1,1
BRDA:7,26,0,102
BRDA:7,26,1,77
BRDA:7,27,0,9
BRDA:7,27,1,2
BRDA:7,28,0,13
BRDA:7,28,1,10
BRDA:7,29,0,4
BRDA:7,29,1,6
BRDA:7,30,0,10
BRDA:7,30,1,4
BRDA:7,31,0,7
BRDA:7,31,1,4
BRDA:7,32,0,21
BRDA:7,32,1,201
BRDA:7,33,0,19
BRDA:7,33,1,2
BRDA:7,34,0,53
BRDA:7,34,1,13
BRDA:7,35,0,35
BRDA:7,35,1,18
BRDA:7,36,0,35
BRDA:7,36,1,18
BRDA:7,37,0,30
BRDA:7,37,1,171
BRDA:7,38,0,7
BRDA:7,38,1,23
BRDA:7,39,0,26
BRDA:7,39,1,145
BRDA:7,40,0,26
BRDA:7,40,1,10
BRDA:7,41,0,49
BRDA:7,41,1,96
BRDA:7,42,0,24
BRDA:7,42,1,25
BRDA:7,43,0,1
BRDA:7,43,1,95
BRDA:7,44,0,1
BRDA:7,44,1,94
BRDA:7,45,0,94
BRDA:7,45,1,7
BRDA:7,45,2,88
BRDA:7,46,0,381
BRDA:7,46,1,1
BRDA:7,47,0,15
BRDA:7,47,1,137
BRDA:7,48,0,15
BRDA:7,48,1,7
BRDA:7,49,0,1
BRDA:7,49,1,136
BRDA:7,50,0,8
BRDA:7,50,1,128
BRDA:7,51,0,381
BRDA:7,51,1,56
BRDA:7,52,0,1
BRDA:7,52,1,186
BRDA:7,53,0,282
BRF:106
BRH:106
end_of_record
TN:
SF:dist\pow.safe.min.js
FN:7,t
FN:7,r
FN:7,(anonymous_2)
FN:7,(anonymous_3)
FN:7,(anonymous_4)
FN:7,(anonymous_5)
FN:7,(anonymous_6)
FN:7,(anonymous_7)
FNF:8
FNH:8
FNDA:21,t
FNDA:11,r
FNDA:11,(anonymous_2)
FNDA:11,(anonymous_3)
FNDA:11,(anonymous_4)
FNDA:3,(anonymous_5)
FNDA:1,(anonymous_6)
FNDA:11,(anonymous_7)
DA:7,21
LF:1
LH:1
BRDA:7,0,0,18
BRDA:7,0,1,3
BRDA:7,1,0,3
BRDA:7,1,1,15
BRDA:7,2,0,2
BRDA:7,2,1,1
BRDA:7,3,0,10
BRDA:7,3,1,5
BRDA:7,4,0,1
BRDA:7,4,1,4
BRDA:7,5,0,5
BRDA:7,5,1,1
BRDA:7,6,0,3
BRDA:7,6,1,1
BRDA:7,7,0,2
BRDA:7,7,1,1
BRF:16
BRH:16
end_of_record
TN:
SF:src\pow.js
FN:12,(anonymous_0)
FN:12,(anonymous_1)
FN:13,(anonymous_2)
FN:14,(anonymous_3)
FN:15,(anonymous_4)
FN:16,(anonymous_5)
FN:17,(anonymous_6)
FN:18,(anonymous_7)
FN:18,(anonymous_8)
FN:20,(anonymous_9)
FN:24,(anonymous_10)
FN:26,(anonymous_11)
FN:36,(anonymous_12)
FN:43,(anonymous_13)
FN:49,(anonymous_14)
FN:50,(anonymous_15)
FN:55,(anonymous_16)
FN:86,(anonymous_17)
FN:96,(anonymous_18)
FN:99,(anonymous_19)
FN:121,(anonymous_20)
FN:148,(anonymous_21)
FN:161,(anonymous_22)
FN:204,(anonymous_23)
FN:213,(anonymous_24)
FN:227,(anonymous_25)
FN:243,(anonymous_26)
FN:243,(anonymous_27)
FN:252,(anonymous_28)
FN:254,(anonymous_29)
FN:260,(anonymous_30)
FN:262,(anonymous_31)
FN:262,(anonymous_32)
FN:263,(anonymous_33)
FN:263,(anonymous_34)
FNF:35
FNH:35
FNDA:142,(anonymous_0)
FNDA:834,(anonymous_1)
FNDA:74,(anonymous_2)
FNDA:405,(anonymous_3)
FNDA:473,(anonymous_4)
FNDA:205,(anonymous_5)
FNDA:167,(anonymous_6)
FNDA:1743,(anonymous_7)
FNDA:45,(anonymous_8)
FNDA:174,(anonymous_9)
FNDA:537,(anonymous_10)
FNDA:297,(anonymous_11)
FNDA:123,(anonymous_12)
FNDA:366,(anonymous_13)
FNDA:9,(anonymous_14)
FNDA:3,(anonymous_15)
FNDA:337,(anonymous_16)
FNDA:9,(anonymous_17)
FNDA:10,(anonymous_18)
FNDA:10,(anonymous_19)
FNDA:3,(anonymous_20)
FNDA:7,(anonymous_21)
FNDA:5,(anonymous_22)
FNDA:152,(anonymous_23)
FNDA:1,(anonymous_24)
FNDA:187,(anonymous_25)
FNDA:177,(anonymous_26)
FNDA:176,(anonymous_27)
FNDA:3,(anonymous_28)
FNDA:2,(anonymous_29)
FNDA:160,(anonymous_30)
FNDA:282,(anonymous_31)
FNDA:2011,(anonymous_32)
FNDA:1885,(anonymous_33)
FNDA:1881,(anonymous_34)
DA:8,11
DA:9,11
DA:10,11
DA:12,834
DA:13,74
DA:14,405
DA:15,473
DA:16,205
DA:17,167
DA:18,1743
DA:20,11
DA:21,174
DA:22,174
DA:24,174
DA:26,537
DA:27,297
DA:29,297
DA:31,4
DA:36,537
DA:37,123
DA:38,29
DA:39,123
DA:43,537
DA:44,366
DA:49,537
DA:50,9
DA:51,9
DA:55,537
DA:56,7
DA:59,537
DA:60,4
DA:62,537
DA:65,537
DA:66,537
DA:67,291
DA:68,27
DA:70,264
DA:72,264
DA:74,20
DA:75,20
DA:76,6
DA:77,6
DA:79,20
DA:83,20
DA:86,9
DA:88,20
DA:89,244
DA:90,4
DA:92,4
DA:93,240
DA:95,11
DA:96,11
DA:97,10
DA:98,10
DA:99,10
DA:100,10
DA:101,10
DA:104,11
DA:105,11
DA:109,229
DA:110,229
DA:111,229
DA:112,229
DA:113,229
DA:114,11
DA:115,218
DA:117,39
DA:118,36
DA:121,3
DA:125,179
DA:130,229
DA:132,7
DA:133,7
DA:134,7
DA:135,10
DA:136,10
DA:137,4
DA:138,4
DA:139,4
DA:141,6
DA:142,6
DA:143,6
DA:147,7
DA:148,7
DA:149,7
DA:150,7
DA:151,7
DA:152,7
DA:153,7
DA:154,7
DA:155,4
DA:159,222
DA:160,21
DA:161,5
DA:162,21
DA:163,53
DA:164,53
DA:165,53
DA:171,21
DA:172,201
DA:173,30
DA:179,171
DA:180,26
DA:181,10
DA:182,25
DA:183,145
DA:184,49
DA:185,24
DA:186,96
DA:187,1
DA:188,95
DA:189,1
DA:190,94
DA:191,88
DA:196,382
DA:197,223
DA:200,381
DA:201,1
DA:204,381
DA:205,152
DA:206,152
DA:207,152
DA:208,15
DA:211,137
DA:212,1
DA:213,1
DA:214,1
DA:219,136
DA:221,381
DA:222,381
DA:223,56
DA:227,174
DA:228,187
DA:229,1
DA:230,186
DA:231,186
DA:232,186
DA:234,186
DA:235,186
DA:238,185
DA:239,185
DA:242,174
DA:243,177
DA:245,176
DA:246,176
DA:247,29
DA:248,176
DA:250,176
DA:252,175
DA:256,174
DA:259,11
DA:260,160
DA:262,2011
DA:263,1885
LF:154
LH:154
BRDA:14,0,0,405
BRDA:14,0,1,105
BRDA:15,1,0,237
BRDA:15,1,1,236
BRDA:15,2,0,473
BRDA:15,2,1,236
BRDA:18,3,0,1743
BRDA:18,3,1,1452
BRDA:26,4,0,145
BRDA:36,5,0,123
BRDA:37,6,0,29
BRDA:37,6,1,94
BRDA:37,7,0,123
BRDA:37,7,1,37
BRDA:39,8,0,123
BRDA:39,8,1,55
BRDA:44,9,0,1
BRDA:44,9,1,365
BRDA:46,10,0,7
BRDA:46,10,1,358
BRDA:49,11,0,9
BRDA:67,12,0,27
BRDA:67,12,1,264
BRDA:72,13,0,20
BRDA:72,13,1,244
BRDA:72,14,0,264
BRDA:72,14,1,23
BRDA:86,15,0,3
BRDA:86,15,1,6
BRDA:86,16,0,3
BRDA:86,16,1,1
BRDA:89,17,0,4
BRDA:89,17,1,240
BRDA:93,18,0,11
BRDA:93,18,1,229
BRDA:93,19,0,240
BRDA:93,19,1,11
BRDA:95,20,0,11
BRDA:95,20,1,10
BRDA:97,21,0,10
BRDA:97,21,1,2
BRDA:113,22,0,11
BRDA:113,22,1,218
BRDA:114,23,0,9
BRDA:114,23,1,2
BRDA:115,24,0,39
BRDA:115,24,1,179
BRDA:117,25,0,36
BRDA:117,25,1,3
BRDA:121,26,0,3
BRDA:121,26,1,1
BRDA:125,27,0,102
BRDA:125,27,1,77
BRDA:130,28,0,7
BRDA:130,28,1,222
BRDA:134,29,0,13
BRDA:134,29,1,10
BRDA:136,30,0,4
BRDA:136,30,1,6
BRDA:136,31,0,10
BRDA:136,31,1,4
BRDA:154,32,0,4
BRDA:154,32,1,3
BRDA:159,33,0,21
BRDA:159,33,1,201
BRDA:160,34,0,19
BRDA:160,34,1,2
BRDA:166,35,0,53
BRDA:166,35,1,13
BRDA:168,36,0,35
BRDA:168,36,1,18
BRDA:168,37,0,35
BRDA:168,37,1,18
BRDA:172,38,0,30
BRDA:172,38,1,171
BRDA:173,39,0,7
BRDA:173,39,1,23
BRDA:179,40,0,26
BRDA:179,40,1,145
BRDA:180,41,0,10
BRDA:180,41,1,16
BRDA:183,42,0,49
BRDA:183,42,1,96
BRDA:184,43,0,24
BRDA:184,43,1,25
BRDA:186,44,0,1
BRDA:186,44,1,95
BRDA:188,45,0,1
BRDA:188,45,1,94
BRDA:190,46,0,88
BRDA:190,46,1,6
BRDA:190,47,0,94
BRDA:190,47,1,7
BRDA:200,48,0,1
BRDA:200,48,1,380
BRDA:207,49,0,15
BRDA:207,49,1,137
BRDA:208,50,0,15
BRDA:208,50,1,7
BRDA:211,51,0,1
BRDA:211,51,1,136
BRDA:219,52,0,8
BRDA:219,52,1,128
BRDA:222,53,0,56
BRDA:222,53,1,325
BRDA:228,54,0,1
BRDA:228,54,1,186
BRDA:262,55,0,282
BRF:108
BRH:108
end_of_record
TN:
SF:src\pow.safe.js
FN:15,_eval
FN:35,rebindEvents
FN:36,(anonymous_2)
FN:37,(anonymous_3)
FN:41,(anonymous_4)
FN:46,bind
FN:49,(anonymous_6)
FN:59,(anonymous_7)
FNF:8
FNH:8
FNDA:21,_eval
FNDA:11,rebindEvents
FNDA:11,(anonymous_2)
FNDA:3,(anonymous_3)
FNDA:1,(anonymous_4)
FNDA:11,bind
FNDA:11,(anonymous_6)
FNDA:11,(anonymous_7)
DA:16,21
DA:17,21
DA:18,18
DA:19,3
DA:20,3
DA:22,15
DA:27,3
DA:28,3
DA:30,1
DA:36,11
DA:37,3
DA:38,11
DA:39,2
DA:40,2
DA:41,1
DA:42,1
DA:47,11
DA:48,11
DA:49,11
DA:50,11
DA:51,11
DA:52,11
DA:54,11
DA:59,11
LF:24
LH:24
BRDA:17,0,0,18
BRDA:17,0,1,3
BRDA:18,1,0,3
BRDA:18,1,1,15
BRDA:20,2,0,2
BRDA:20,2,1,1
BRDA:22,3,0,10
BRDA:22,3,1,5
BRDA:23,4,0,1
BRDA:23,4,1,4
BRDA:23,5,0,5
BRDA:23,5,1,1
BRDA:24,6,0,1
BRDA:24,6,1,3
BRDA:40,7,0,1
BRDA:40,7,1,1
BRF:16
BRH:16
end_of_record
